<?xml version="1.0" encoding="UTF-8"?>
<coverage generated="1770072461446" clover="3.2.0">
  <project timestamp="1770072461446" name="All files">
    <metrics statements="35" coveredstatements="29" conditionals="14" coveredconditionals="8" methods="11" coveredmethods="9" elements="60" coveredelements="46" complexity="0" loc="35" ncloc="35" packages="4" files="4" classes="4"/>
    <package name="hooks.useDebouncedCallback">
      <metrics statements="8" coveredstatements="8" conditionals="1" coveredconditionals="1" methods="3" coveredmethods="3"/>
      <file name="useDebouncedCallback.ts" path="/Users/nakador/Code Projects/untitled folder/test/src/app/hooks/useDebouncedCallback/useDebouncedCallback.ts">
        <metrics statements="8" coveredstatements="8" conditionals="1" coveredconditionals="1" methods="3" coveredmethods="3"/>
        <line num="1" count="1" type="stmt"/>
        <line num="4" count="1" type="stmt"/>
        <line num="8" count="2" type="stmt"/>
        <line num="10" count="2" type="stmt"/>
        <line num="12" count="5" type="cond" truecount="1" falsecount="0"/>
        <line num="13" count="3" type="stmt"/>
        <line num="16" count="5" type="stmt"/>
        <line num="17" count="3" type="stmt"/>
      </file>
    </package>
    <package name="utils.error">
      <metrics statements="5" coveredstatements="5" conditionals="0" coveredconditionals="0" methods="1" coveredmethods="1"/>
      <file name="errors.ts" path="/Users/nakador/Code Projects/untitled folder/test/src/app/utils/error/errors.ts">
        <metrics statements="5" coveredstatements="5" conditionals="0" coveredconditionals="0" methods="1" coveredmethods="1"/>
        <line num="2" count="1" type="stmt"/>
        <line num="6" count="1" type="stmt"/>
        <line num="7" count="1" type="stmt"/>
        <line num="8" count="1" type="stmt"/>
        <line num="10" count="1" type="stmt"/>
      </file>
    </package>
    <package name="utils.sorting">
      <metrics statements="7" coveredstatements="6" conditionals="3" coveredconditionals="3" methods="2" coveredmethods="2"/>
      <file name="sorting.ts" path="/Users/nakador/Code Projects/untitled folder/test/src/app/utils/sorting/sorting.ts">
        <metrics statements="7" coveredstatements="6" conditionals="3" coveredconditionals="3" methods="2" coveredmethods="2"/>
        <line num="2" count="1" type="stmt"/>
        <line num="5" count="1" type="stmt"/>
        <line num="6" count="3" type="cond" truecount="1" falsecount="0"/>
        <line num="8" count="2" type="stmt"/>
        <line num="9" count="7" type="cond" truecount="1" falsecount="0"/>
        <line num="10" count="3" type="cond" truecount="1" falsecount="0"/>
        <line num="11" count="0" type="stmt"/>
      </file>
    </package>
    <package name="utils.typeGuards">
      <metrics statements="15" coveredstatements="10" conditionals="10" coveredconditionals="4" methods="5" coveredmethods="3"/>
      <file name="typeGuards.ts" path="/Users/nakador/Code Projects/untitled folder/test/src/app/utils/typeGuards/typeGuards.ts">
        <metrics statements="15" coveredstatements="10" conditionals="10" coveredconditionals="4" methods="5" coveredmethods="3"/>
        <line num="1" count="1" type="stmt"/>
        <line num="2" count="3" type="cond" truecount="2" falsecount="0"/>
        <line num="5" count="1" type="stmt"/>
        <line num="6" count="3" type="stmt"/>
        <line num="9" count="1" type="stmt"/>
        <line num="10" count="0" type="stmt"/>
        <line num="13" count="1" type="stmt"/>
        <line num="14" count="0" type="cond" truecount="0" falsecount="3"/>
        <line num="17" count="1" type="stmt"/>
        <line num="18" count="3" type="cond" truecount="0" falsecount="1"/>
        <line num="19" count="3" type="cond" truecount="2" falsecount="1"/>
        <line num="20" count="3" type="stmt"/>
        <line num="22" count="0" type="cond" truecount="0" falsecount="1"/>
        <line num="23" count="0" type="stmt"/>
        <line num="25" count="0" type="stmt"/>
      </file>
    </package>
  </project>
</coverage>
