{"/Users/nakador/Code Projects/untitled folder/test/src/app/hooks/useCharacterFilters/useCharacterFilters.ts": {"path":"/Users/nakador/Code Projects/untitled folder/test/src/app/hooks/useCharacterFilters/useCharacterFilters.ts","statementMap":{"0":{"start":{"line":1,"column":0},"end":{"line":1,"column":36}},"1":{"start":{"line":2,"column":0},"end":{"line":2,"column":51}},"2":{"start":{"line":4,"column":0},"end":{"line":4,"column":60}},"3":{"start":{"line":7,"column":35},"end":{"line":67,"column":1}},"4":{"start":{"line":8,"column":42},"end":{"line":8,"column":59}},"5":{"start":{"line":10,"column":35},"end":{"line":14,"column":4}},"6":{"start":{"line":16,"column":15},"end":{"line":16,"column":52}},"7":{"start":{"line":17,"column":15},"end":{"line":17,"column":45}},"8":{"start":{"line":21,"column":20},"end":{"line":30,"column":37}},"9":{"start":{"line":22,"column":22},"end":{"line":22,"column":55}},"10":{"start":{"line":23,"column":4},"end":{"line":27,"column":5}},"11":{"start":{"line":24,"column":6},"end":{"line":24,"column":42}},"12":{"start":{"line":26,"column":6},"end":{"line":26,"column":38}},"13":{"start":{"line":28,"column":4},"end":{"line":28,"column":31}},"14":{"start":{"line":29,"column":4},"end":{"line":29,"column":31}},"15":{"start":{"line":32,"column":18},"end":{"line":40,"column":37}},"16":{"start":{"line":33,"column":22},"end":{"line":33,"column":55}},"17":{"start":{"line":34,"column":4},"end":{"line":38,"column":5}},"18":{"start":{"line":35,"column":6},"end":{"line":35,"column":31}},"19":{"start":{"line":37,"column":6},"end":{"line":37,"column":35}},"20":{"start":{"line":39,"column":4},"end":{"line":39,"column":31}},"21":{"start":{"line":42,"column":18},"end":{"line":47,"column":37}},"22":{"start":{"line":43,"column":22},"end":{"line":43,"column":55}},"23":{"start":{"line":44,"column":4},"end":{"line":44,"column":46}},"24":{"start":{"line":45,"column":4},"end":{"line":45,"column":31}},"25":{"start":{"line":46,"column":4},"end":{"line":46,"column":52}},"26":{"start":{"line":49,"column":23},"end":{"line":56,"column":37}},"27":{"start":{"line":50,"column":22},"end":{"line":50,"column":55}},"28":{"start":{"line":51,"column":4},"end":{"line":51,"column":29}},"29":{"start":{"line":52,"column":4},"end":{"line":52,"column":31}},"30":{"start":{"line":53,"column":4},"end":{"line":53,"column":31}},"31":{"start":{"line":54,"column":4},"end":{"line":54,"column":31}},"32":{"start":{"line":55,"column":4},"end":{"line":55,"column":31}},"33":{"start":{"line":58,"column":2},"end":{"line":66,"column":4}},"34":{"start":{"line":7,"column":13},"end":{"line":7,"column":35}}},"fnMap":{"0":{"name":"(anonymous_0)","decl":{"start":{"line":7,"column":35},"end":{"line":7,"column":38}},"loc":{"start":{"line":7,"column":40},"end":{"line":67,"column":1}}},"1":{"name":"(anonymous_1)","decl":{"start":{"line":21,"column":32},"end":{"line":21,"column":33}},"loc":{"start":{"line":21,"column":78},"end":{"line":30,"column":3}}},"2":{"name":"(anonymous_2)","decl":{"start":{"line":32,"column":30},"end":{"line":32,"column":31}},"loc":{"start":{"line":32,"column":48},"end":{"line":40,"column":3}}},"3":{"name":"(anonymous_3)","decl":{"start":{"line":42,"column":30},"end":{"line":42,"column":31}},"loc":{"start":{"line":42,"column":50},"end":{"line":47,"column":3}}},"4":{"name":"(anonymous_4)","decl":{"start":{"line":49,"column":35},"end":{"line":49,"column":38}},"loc":{"start":{"line":49,"column":40},"end":{"line":56,"column":3}}}},"branchMap":{"0":{"loc":{"start":{"line":11,"column":10},"end":{"line":11,"column":40}},"type":"binary-expr","locations":[{"start":{"line":11,"column":10},"end":{"line":11,"column":34}},{"start":{"line":11,"column":38},"end":{"line":11,"column":40}}]},"1":{"loc":{"start":{"line":12,"column":12},"end":{"line":12,"column":44}},"type":"binary-expr","locations":[{"start":{"line":12,"column":12},"end":{"line":12,"column":38}},{"start":{"line":12,"column":42},"end":{"line":12,"column":44}}]},"2":{"loc":{"start":{"line":13,"column":12},"end":{"line":13,"column":44}},"type":"binary-expr","locations":[{"start":{"line":13,"column":12},"end":{"line":13,"column":38}},{"start":{"line":13,"column":42},"end":{"line":13,"column":44}}]},"3":{"loc":{"start":{"line":16,"column":15},"end":{"line":16,"column":52}},"type":"binary-expr","locations":[{"start":{"line":16,"column":15},"end":{"line":16,"column":47}},{"start":{"line":16,"column":51},"end":{"line":16,"column":52}}]},"4":{"loc":{"start":{"line":17,"column":15},"end":{"line":17,"column":45}},"type":"binary-expr","locations":[{"start":{"line":17,"column":15},"end":{"line":17,"column":39}},{"start":{"line":17,"column":43},"end":{"line":17,"column":45}}]},"5":{"loc":{"start":{"line":23,"column":4},"end":{"line":27,"column":5}},"type":"if","locations":[{"start":{"line":23,"column":4},"end":{"line":27,"column":5}},{"start":{"line":25,"column":11},"end":{"line":27,"column":5}}]},"6":{"loc":{"start":{"line":34,"column":4},"end":{"line":38,"column":5}},"type":"if","locations":[{"start":{"line":34,"column":4},"end":{"line":38,"column":5}},{"start":{"line":36,"column":11},"end":{"line":38,"column":5}}]}},"s":{"0":2,"1":2,"2":2,"3":2,"4":12,"5":12,"6":12,"7":12,"8":12,"9":3,"10":3,"11":2,"12":1,"13":3,"14":3,"15":12,"16":2,"17":2,"18":1,"19":1,"20":2,"21":12,"22":1,"23":1,"24":1,"25":1,"26":12,"27":0,"28":0,"29":0,"30":0,"31":0,"32":0,"33":12,"34":2},"f":{"0":12,"1":3,"2":2,"3":1,"4":0},"b":{"0":[12,10],"1":[12,10],"2":[12,12],"3":[12,7],"4":[12,10],"5":[2,1],"6":[1,1]}}
,"/Users/nakador/Code Projects/untitled folder/test/src/app/hooks/useDebouncedCallback/useDebouncedCallback.ts": {"path":"/Users/nakador/Code Projects/untitled folder/test/src/app/hooks/useDebouncedCallback/useDebouncedCallback.ts","statementMap":{"0":{"start":{"line":4,"column":0},"end":{"line":4,"column":16}},"1":{"start":{"line":1,"column":0},"end":{"line":1,"column":44}},"2":{"start":{"line":8,"column":21},"end":{"line":8,"column":56}},"3":{"start":{"line":10,"column":2},"end":{"line":21,"column":4}},"4":{"start":{"line":12,"column":6},"end":{"line":14,"column":7}},"5":{"start":{"line":13,"column":8},"end":{"line":13,"column":41}},"6":{"start":{"line":16,"column":6},"end":{"line":18,"column":16}},"7":{"start":{"line":17,"column":8},"end":{"line":17,"column":26}}},"fnMap":{"0":{"name":"useDebouncedCallback","decl":{"start":{"line":4,"column":16},"end":{"line":4,"column":36}},"loc":{"start":{"line":6,"column":15},"end":{"line":22,"column":1}}},"1":{"name":"(anonymous_1)","decl":{"start":{"line":11,"column":4},"end":{"line":11,"column":5}},"loc":{"start":{"line":11,"column":22},"end":{"line":19,"column":5}}},"2":{"name":"(anonymous_2)","decl":{"start":{"line":16,"column":38},"end":{"line":16,"column":41}},"loc":{"start":{"line":16,"column":43},"end":{"line":18,"column":7}}}},"branchMap":{"0":{"loc":{"start":{"line":12,"column":6},"end":{"line":14,"column":7}},"type":"if","locations":[{"start":{"line":12,"column":6},"end":{"line":14,"column":7}}]}},"s":{"0":3,"1":3,"2":28,"3":28,"4":13,"5":9,"6":13,"7":5},"f":{"0":28,"1":13,"2":5},"b":{"0":[9]}}
,"/Users/nakador/Code Projects/untitled folder/test/src/app/pages/detailsPage/detailsPage.styles.ts": {"path":"/Users/nakador/Code Projects/untitled folder/test/src/app/pages/detailsPage/detailsPage.styles.ts","statementMap":{"0":{"start":{"line":1,"column":0},"end":{"line":1,"column":39}},"1":{"start":{"line":2,"column":0},"end":{"line":2,"column":40}},"2":{"start":{"line":4,"column":13},"end":{"line":15,"column":2}},"3":{"start":{"line":6,"column":28},"end":{"line":6,"column":50}},"4":{"start":{"line":7,"column":20},"end":{"line":7,"column":46}},"5":{"start":{"line":9,"column":24},"end":{"line":9,"column":48}}},"fnMap":{"0":{"name":"(anonymous_0)","decl":{"start":{"line":6,"column":19},"end":{"line":6,"column":24}},"loc":{"start":{"line":6,"column":28},"end":{"line":6,"column":50}}},"1":{"name":"(anonymous_1)","decl":{"start":{"line":7,"column":11},"end":{"line":7,"column":16}},"loc":{"start":{"line":7,"column":20},"end":{"line":7,"column":46}}},"2":{"name":"(anonymous_2)","decl":{"start":{"line":9,"column":15},"end":{"line":9,"column":20}},"loc":{"start":{"line":9,"column":24},"end":{"line":9,"column":48}}}},"branchMap":{},"s":{"0":1,"1":1,"2":1,"3":1,"4":1,"5":1},"f":{"0":1,"1":1,"2":1},"b":{}}
,"/Users/nakador/Code Projects/untitled folder/test/src/app/pages/detailsPage/detailsPage.tsx": {"path":"/Users/nakador/Code Projects/untitled folder/test/src/app/pages/detailsPage/detailsPage.tsx","statementMap":{"0":{"start":{"line":3,"column":0},"end":{"line":3,"column":45}},"1":{"start":{"line":4,"column":0},"end":{"line":4,"column":85}},"2":{"start":{"line":5,"column":0},"end":{"line":5,"column":113}},"3":{"start":{"line":6,"column":0},"end":{"line":6,"column":73}},"4":{"start":{"line":7,"column":0},"end":{"line":7,"column":80}},"5":{"start":{"line":8,"column":0},"end":{"line":8,"column":52}},"6":{"start":{"line":9,"column":0},"end":{"line":9,"column":48}},"7":{"start":{"line":10,"column":0},"end":{"line":10,"column":58}},"8":{"start":{"line":19,"column":63},"end":{"line":37,"column":1}},"9":{"start":{"line":20,"column":2},"end":{"line":20,"column":37}},"10":{"start":{"line":20,"column":17},"end":{"line":20,"column":37}},"11":{"start":{"line":22,"column":2},"end":{"line":27,"column":3}},"12":{"start":{"line":23,"column":4},"end":{"line":25,"column":5}},"13":{"start":{"line":24,"column":6},"end":{"line":24,"column":61}},"14":{"start":{"line":26,"column":4},"end":{"line":26,"column":49}},"15":{"start":{"line":29,"column":2},"end":{"line":29,"column":75}},"16":{"start":{"line":29,"column":24},"end":{"line":29,"column":75}},"17":{"start":{"line":31,"column":2},"end":{"line":36,"column":4}},"18":{"start":{"line":19,"column":13},"end":{"line":19,"column":63}},"19":{"start":{"line":39,"column":37},"end":{"line":44,"column":1}},"20":{"start":{"line":40,"column":17},"end":{"line":40,"column":44}},"21":{"start":{"line":41,"column":48},"end":{"line":41,"column":64}},"22":{"start":{"line":43,"column":2},"end":{"line":43,"column":87}},"23":{"start":{"line":39,"column":13},"end":{"line":39,"column":37}}},"fnMap":{"0":{"name":"(anonymous_0)","decl":{"start":{"line":19,"column":63},"end":{"line":19,"column":64}},"loc":{"start":{"line":19,"column":99},"end":{"line":37,"column":1}}},"1":{"name":"(anonymous_1)","decl":{"start":{"line":39,"column":37},"end":{"line":39,"column":40}},"loc":{"start":{"line":39,"column":42},"end":{"line":44,"column":1}}}},"branchMap":{"0":{"loc":{"start":{"line":20,"column":2},"end":{"line":20,"column":37}},"type":"if","locations":[{"start":{"line":20,"column":2},"end":{"line":20,"column":37}}]},"1":{"loc":{"start":{"line":22,"column":2},"end":{"line":27,"column":3}},"type":"if","locations":[{"start":{"line":22,"column":2},"end":{"line":27,"column":3}}]},"2":{"loc":{"start":{"line":23,"column":4},"end":{"line":25,"column":5}},"type":"if","locations":[{"start":{"line":23,"column":4},"end":{"line":25,"column":5}}]},"3":{"loc":{"start":{"line":23,"column":8},"end":{"line":23,"column":57}},"type":"binary-expr","locations":[{"start":{"line":23,"column":8},"end":{"line":23,"column":33}},{"start":{"line":23,"column":37},"end":{"line":23,"column":57}}]},"4":{"loc":{"start":{"line":29,"column":2},"end":{"line":29,"column":75}},"type":"if","locations":[{"start":{"line":29,"column":2},"end":{"line":29,"column":75}}]}},"s":{"0":1,"1":1,"2":1,"3":1,"4":1,"5":1,"6":1,"7":1,"8":1,"9":4,"10":1,"11":3,"12":2,"13":1,"14":1,"15":1,"16":0,"17":1,"18":1,"19":1,"20":4,"21":4,"22":4,"23":1},"f":{"0":4,"1":4},"b":{"0":[1],"1":[2],"2":[1],"3":[2,1],"4":[0]}}
,"/Users/nakador/Code Projects/untitled folder/test/src/app/pages/listingPage/listingPage.styles.ts": {"path":"/Users/nakador/Code Projects/untitled folder/test/src/app/pages/listingPage/listingPage.styles.ts","statementMap":{"0":{"start":{"line":1,"column":0},"end":{"line":1,"column":39}},"1":{"start":{"line":3,"column":13},"end":{"line":5,"column":2}},"2":{"start":{"line":4,"column":22},"end":{"line":4,"column":44}},"3":{"start":{"line":7,"column":13},"end":{"line":12,"column":2}},"4":{"start":{"line":10,"column":18},"end":{"line":10,"column":40}},"5":{"start":{"line":11,"column":25},"end":{"line":11,"column":47}}},"fnMap":{"0":{"name":"(anonymous_0)","decl":{"start":{"line":4,"column":13},"end":{"line":4,"column":18}},"loc":{"start":{"line":4,"column":22},"end":{"line":4,"column":44}}},"1":{"name":"(anonymous_1)","decl":{"start":{"line":10,"column":9},"end":{"line":10,"column":14}},"loc":{"start":{"line":10,"column":18},"end":{"line":10,"column":40}}},"2":{"name":"(anonymous_2)","decl":{"start":{"line":11,"column":16},"end":{"line":11,"column":21}},"loc":{"start":{"line":11,"column":25},"end":{"line":11,"column":47}}}},"branchMap":{},"s":{"0":1,"1":1,"2":5,"3":1,"4":3,"5":3},"f":{"0":5,"1":3,"2":3},"b":{}}
,"/Users/nakador/Code Projects/untitled folder/test/src/app/pages/listingPage/listingPage.tsx": {"path":"/Users/nakador/Code Projects/untitled folder/test/src/app/pages/listingPage/listingPage.tsx","statementMap":{"0":{"start":{"line":1,"column":0},"end":{"line":1,"column":41}},"1":{"start":{"line":3,"column":0},"end":{"line":3,"column":88}},"2":{"start":{"line":4,"column":0},"end":{"line":4,"column":90}},"3":{"start":{"line":5,"column":0},"end":{"line":5,"column":61}},"4":{"start":{"line":6,"column":0},"end":{"line":6,"column":80}},"5":{"start":{"line":7,"column":0},"end":{"line":7,"column":53}},"6":{"start":{"line":8,"column":0},"end":{"line":8,"column":60}},"7":{"start":{"line":10,"column":0},"end":{"line":10,"column":52}},"8":{"start":{"line":12,"column":31},"end":{"line":73,"column":1}},"9":{"start":{"line":21,"column":6},"end":{"line":21,"column":27}},"10":{"start":{"line":24,"column":49},"end":{"line":24,"column":84}},"11":{"start":{"line":26,"column":27},"end":{"line":30,"column":18}},"12":{"start":{"line":27,"column":4},"end":{"line":27,"column":42}},"13":{"start":{"line":27,"column":32},"end":{"line":27,"column":42}},"14":{"start":{"line":29,"column":4},"end":{"line":29,"column":48}},"15":{"start":{"line":32,"column":30},"end":{"line":44,"column":24}},"16":{"start":{"line":33,"column":4},"end":{"line":33,"column":37}},"17":{"start":{"line":33,"column":27},"end":{"line":33,"column":37}},"18":{"start":{"line":36,"column":4},"end":{"line":43,"column":8}},"19":{"start":{"line":36,"column":51},"end":{"line":43,"column":6}},"20":{"start":{"line":46,"column":2},"end":{"line":72,"column":4}},"21":{"start":{"line":12,"column":13},"end":{"line":12,"column":31}}},"fnMap":{"0":{"name":"(anonymous_0)","decl":{"start":{"line":12,"column":31},"end":{"line":12,"column":34}},"loc":{"start":{"line":12,"column":36},"end":{"line":73,"column":1}}},"1":{"name":"(anonymous_1)","decl":{"start":{"line":26,"column":35},"end":{"line":26,"column":38}},"loc":{"start":{"line":26,"column":40},"end":{"line":30,"column":3}}},"2":{"name":"(anonymous_2)","decl":{"start":{"line":32,"column":38},"end":{"line":32,"column":41}},"loc":{"start":{"line":32,"column":43},"end":{"line":44,"column":3}}},"3":{"name":"(anonymous_3)","decl":{"start":{"line":36,"column":32},"end":{"line":36,"column":33}},"loc":{"start":{"line":36,"column":51},"end":{"line":43,"column":6}}}},"branchMap":{"0":{"loc":{"start":{"line":27,"column":4},"end":{"line":27,"column":42}},"type":"if","locations":[{"start":{"line":27,"column":4},"end":{"line":27,"column":42}}]},"1":{"loc":{"start":{"line":33,"column":4},"end":{"line":33,"column":37}},"type":"if","locations":[{"start":{"line":33,"column":4},"end":{"line":33,"column":37}}]}},"s":{"0":1,"1":1,"2":1,"3":1,"4":1,"5":1,"6":1,"7":1,"8":1,"9":5,"10":5,"11":5,"12":5,"13":2,"14":3,"15":5,"16":5,"17":0,"18":5,"19":6,"20":5,"21":1},"f":{"0":5,"1":5,"2":5,"3":6},"b":{"0":[2],"1":[0]}}
,"/Users/nakador/Code Projects/untitled folder/test/src/app/pages/listingPage/listingPageView.tsx": {"path":"/Users/nakador/Code Projects/untitled folder/test/src/app/pages/listingPage/listingPageView.tsx","statementMap":{"0":{"start":{"line":1,"column":0},"end":{"line":1,"column":49}},"1":{"start":{"line":3,"column":0},"end":{"line":3,"column":73}},"2":{"start":{"line":4,"column":0},"end":{"line":4,"column":80}},"3":{"start":{"line":5,"column":0},"end":{"line":5,"column":83}},"4":{"start":{"line":6,"column":0},"end":{"line":6,"column":92}},"5":{"start":{"line":7,"column":0},"end":{"line":7,"column":44}},"6":{"start":{"line":8,"column":0},"end":{"line":8,"column":83}},"7":{"start":{"line":27,"column":13},"end":{"line":81,"column":3}},"8":{"start":{"line":37,"column":25},"end":{"line":37,"column":88}},"9":{"start":{"line":37,"column":43},"end":{"line":37,"column":65}},"10":{"start":{"line":38,"column":25},"end":{"line":38,"column":88}},"11":{"start":{"line":38,"column":43},"end":{"line":38,"column":65}},"12":{"start":{"line":40,"column":2},"end":{"line":51,"column":3}},"13":{"start":{"line":41,"column":4},"end":{"line":49,"column":5}},"14":{"start":{"line":42,"column":7},"end":{"line":48,"column":9}},"15":{"start":{"line":50,"column":4},"end":{"line":50,"column":49}},"16":{"start":{"line":53,"column":2},"end":{"line":80,"column":4}},"17":{"start":{"line":61,"column":14},"end":{"line":62,"column":null}},"18":{"start":{"line":83,"column":0},"end":{"line":83,"column":48}}},"fnMap":{"0":{"name":"(anonymous_0)","decl":{"start":{"line":27,"column":68},"end":{"line":27,"column":69}},"loc":{"start":{"line":36,"column":5},"end":{"line":81,"column":1}}},"1":{"name":"(anonymous_1)","decl":{"start":{"line":37,"column":37},"end":{"line":37,"column":40}},"loc":{"start":{"line":37,"column":43},"end":{"line":37,"column":65}}},"2":{"name":"(anonymous_2)","decl":{"start":{"line":38,"column":37},"end":{"line":38,"column":40}},"loc":{"start":{"line":38,"column":43},"end":{"line":38,"column":65}}},"3":{"name":"(anonymous_3)","decl":{"start":{"line":60,"column":34},"end":{"line":60,"column":35}},"loc":{"start":{"line":61,"column":14},"end":{"line":62,"column":null}}}},"branchMap":{"0":{"loc":{"start":{"line":40,"column":2},"end":{"line":51,"column":3}},"type":"if","locations":[{"start":{"line":40,"column":2},"end":{"line":51,"column":3}}]},"1":{"loc":{"start":{"line":40,"column":6},"end":{"line":40,"column":25}},"type":"binary-expr","locations":[{"start":{"line":40,"column":6},"end":{"line":40,"column":11}},{"start":{"line":40,"column":15},"end":{"line":40,"column":25}}]},"2":{"loc":{"start":{"line":41,"column":4},"end":{"line":49,"column":5}},"type":"if","locations":[{"start":{"line":41,"column":4},"end":{"line":49,"column":5}}]},"3":{"loc":{"start":{"line":41,"column":8},"end":{"line":41,"column":82}},"type":"binary-expr","locations":[{"start":{"line":41,"column":8},"end":{"line":41,"column":49}},{"start":{"line":41,"column":53},"end":{"line":41,"column":82}}]},"4":{"loc":{"start":{"line":55,"column":7},"end":{"line":55,"column":33}},"type":"binary-expr","locations":[{"start":{"line":55,"column":7},"end":{"line":55,"column":17}},{"start":{"line":55,"column":21},"end":{"line":55,"column":33}}]},"5":{"loc":{"start":{"line":57,"column":7},"end":{"line":77,"column":null}},"type":"binary-expr","locations":[{"start":{"line":57,"column":7},"end":{"line":57,"column":17}},{"start":{"line":57,"column":21},"end":{"line":57,"column":27}},{"start":{"line":58,"column":8},"end":{"line":76,"column":null}}]},"6":{"loc":{"start":{"line":71,"column":24},"end":{"line":71,"column":46}},"type":"binary-expr","locations":[{"start":{"line":71,"column":24},"end":{"line":71,"column":41}},{"start":{"line":71,"column":45},"end":{"line":71,"column":46}}]}},"s":{"0":1,"1":1,"2":1,"3":1,"4":1,"5":1,"6":1,"7":1,"8":5,"9":0,"10":5,"11":1,"12":5,"13":1,"14":0,"15":1,"16":4,"17":6,"18":1},"f":{"0":5,"1":0,"2":1,"3":6},"b":{"0":[1],"1":[5,1],"2":[0],"3":[1,1],"4":[4,1],"5":[4,3,3],"6":[3,0]}}
,"/Users/nakador/Code Projects/untitled folder/test/src/app/providers/themeProvider/ThemeContext.tsx": {"path":"/Users/nakador/Code Projects/untitled folder/test/src/app/providers/themeProvider/ThemeContext.tsx","statementMap":{"0":{"start":{"line":1,"column":0},"end":{"line":1,"column":67}},"1":{"start":{"line":2,"column":0},"end":{"line":2,"column":92}},"2":{"start":{"line":3,"column":0},"end":{"line":3,"column":75}},"3":{"start":{"line":5,"column":0},"end":{"line":5,"column":72}},"4":{"start":{"line":11,"column":73},"end":{"line":39,"column":1}},"5":{"start":{"line":12,"column":36},"end":{"line":12,"column":63}},"6":{"start":{"line":14,"column":2},"end":{"line":24,"column":9}},"7":{"start":{"line":15,"column":23},"end":{"line":15,"column":72}},"8":{"start":{"line":17,"column":25},"end":{"line":19,"column":5}},"9":{"start":{"line":18,"column":6},"end":{"line":18,"column":49}},"10":{"start":{"line":21,"column":4},"end":{"line":21,"column":56}},"11":{"start":{"line":23,"column":4},"end":{"line":23,"column":72}},"12":{"start":{"line":23,"column":17},"end":{"line":23,"column":71}},"13":{"start":{"line":26,"column":22},"end":{"line":28,"column":3}},"14":{"start":{"line":27,"column":4},"end":{"line":27,"column":84}},"15":{"start":{"line":27,"column":43},"end":{"line":27,"column":81}},"16":{"start":{"line":30,"column":30},"end":{"line":30,"column":75}},"17":{"start":{"line":32,"column":2},"end":{"line":38,"column":4}},"18":{"start":{"line":11,"column":13},"end":{"line":11,"column":73}}},"fnMap":{"0":{"name":"(anonymous_0)","decl":{"start":{"line":11,"column":73},"end":{"line":11,"column":74}},"loc":{"start":{"line":11,"column":90},"end":{"line":39,"column":1}}},"1":{"name":"(anonymous_1)","decl":{"start":{"line":14,"column":12},"end":{"line":14,"column":15}},"loc":{"start":{"line":14,"column":17},"end":{"line":24,"column":3}}},"2":{"name":"(anonymous_2)","decl":{"start":{"line":17,"column":25},"end":{"line":17,"column":26}},"loc":{"start":{"line":17,"column":52},"end":{"line":19,"column":5}}},"3":{"name":"(anonymous_3)","decl":{"start":{"line":23,"column":11},"end":{"line":23,"column":14}},"loc":{"start":{"line":23,"column":17},"end":{"line":23,"column":71}}},"4":{"name":"(anonymous_4)","decl":{"start":{"line":26,"column":22},"end":{"line":26,"column":25}},"loc":{"start":{"line":26,"column":27},"end":{"line":28,"column":3}}},"5":{"name":"(anonymous_5)","decl":{"start":{"line":27,"column":17},"end":{"line":27,"column":18}},"loc":{"start":{"line":27,"column":43},"end":{"line":27,"column":81}}}},"branchMap":{"0":{"loc":{"start":{"line":18,"column":19},"end":{"line":18,"column":47}},"type":"cond-expr","locations":[{"start":{"line":18,"column":31},"end":{"line":18,"column":37}},{"start":{"line":18,"column":40},"end":{"line":18,"column":47}}]},"1":{"loc":{"start":{"line":27,"column":43},"end":{"line":27,"column":81}},"type":"cond-expr","locations":[{"start":{"line":27,"column":65},"end":{"line":27,"column":72}},{"start":{"line":27,"column":75},"end":{"line":27,"column":81}}]},"2":{"loc":{"start":{"line":30,"column":30},"end":{"line":30,"column":75}},"type":"cond-expr","locations":[{"start":{"line":30,"column":53},"end":{"line":30,"column":62}},{"start":{"line":30,"column":65},"end":{"line":30,"column":75}}]}},"s":{"0":24,"1":24,"2":24,"3":24,"4":24,"5":78,"6":78,"7":78,"8":78,"9":0,"10":78,"11":78,"12":78,"13":78,"14":0,"15":0,"16":78,"17":78,"18":24},"f":{"0":78,"1":78,"2":0,"3":78,"4":0,"5":0},"b":{"0":[0,0],"1":[0,0],"2":[78,0]}}
,"/Users/nakador/Code Projects/untitled folder/test/src/app/providers/themeProvider/ThemeContextDefinition.ts": {"path":"/Users/nakador/Code Projects/untitled folder/test/src/app/providers/themeProvider/ThemeContextDefinition.ts","statementMap":{"0":{"start":{"line":1,"column":0},"end":{"line":1,"column":38}},"1":{"start":{"line":10,"column":13},"end":{"line":10,"column":83}}},"fnMap":{},"branchMap":{},"s":{"0":24,"1":24},"f":{},"b":{}}
,"/Users/nakador/Code Projects/untitled folder/test/src/app/providers/themeProvider/useTheme.ts": {"path":"/Users/nakador/Code Projects/untitled folder/test/src/app/providers/themeProvider/useTheme.ts","statementMap":{"0":{"start":{"line":1,"column":0},"end":{"line":1,"column":35}},"1":{"start":{"line":2,"column":0},"end":{"line":2,"column":56}},"2":{"start":{"line":4,"column":24},"end":{"line":10,"column":1}},"3":{"start":{"line":5,"column":18},"end":{"line":5,"column":42}},"4":{"start":{"line":6,"column":2},"end":{"line":8,"column":3}},"5":{"start":{"line":7,"column":4},"end":{"line":7,"column":75}},"6":{"start":{"line":9,"column":2},"end":{"line":9,"column":17}},"7":{"start":{"line":4,"column":13},"end":{"line":4,"column":24}}},"fnMap":{"0":{"name":"(anonymous_0)","decl":{"start":{"line":4,"column":24},"end":{"line":4,"column":27}},"loc":{"start":{"line":4,"column":29},"end":{"line":10,"column":1}}}},"branchMap":{"0":{"loc":{"start":{"line":6,"column":2},"end":{"line":8,"column":3}},"type":"if","locations":[{"start":{"line":6,"column":2},"end":{"line":8,"column":3}}]}},"s":{"0":1,"1":1,"2":1,"3":2,"4":2,"5":0,"6":2,"7":1},"f":{"0":2},"b":{"0":[0]}}
,"/Users/nakador/Code Projects/untitled folder/test/src/app/services/api/api.ts": {"path":"/Users/nakador/Code Projects/untitled folder/test/src/app/services/api/api.ts","statementMap":{"0":{"start":{"line":1,"column":0},"end":{"line":1,"column":26}},"1":{"start":{"line":6,"column":17},"end":{"line":6,"column":50}},"2":{"start":{"line":12,"column":29},"end":{"line":30,"column":1}},"3":{"start":{"line":15,"column":2},"end":{"line":29,"column":3}},"4":{"start":{"line":16,"column":21},"end":{"line":16,"column":73}},"5":{"start":{"line":17,"column":4},"end":{"line":21,"column":6}},"6":{"start":{"line":23,"column":18},"end":{"line":23,"column":75}},"7":{"start":{"line":24,"column":4},"end":{"line":28,"column":6}},"8":{"start":{"line":12,"column":13},"end":{"line":12,"column":29}},"9":{"start":{"line":33,"column":28},"end":{"line":51,"column":1}},"10":{"start":{"line":36,"column":2},"end":{"line":50,"column":3}},"11":{"start":{"line":37,"column":21},"end":{"line":37,"column":67}},"12":{"start":{"line":38,"column":4},"end":{"line":42,"column":6}},"13":{"start":{"line":44,"column":18},"end":{"line":44,"column":75}},"14":{"start":{"line":45,"column":4},"end":{"line":49,"column":6}},"15":{"start":{"line":33,"column":13},"end":{"line":33,"column":28}}},"fnMap":{"0":{"name":"(anonymous_0)","decl":{"start":{"line":12,"column":29},"end":{"line":12,"column":34}},"loc":{"start":{"line":14,"column":101},"end":{"line":30,"column":1}}},"1":{"name":"(anonymous_1)","decl":{"start":{"line":33,"column":28},"end":{"line":33,"column":33}},"loc":{"start":{"line":35,"column":93},"end":{"line":51,"column":1}}}},"branchMap":{"0":{"loc":{"start":{"line":26,"column":14},"end":{"line":26,"column":43}},"type":"binary-expr","locations":[{"start":{"line":26,"column":14},"end":{"line":26,"column":36}},{"start":{"line":26,"column":40},"end":{"line":26,"column":43}}]},"1":{"loc":{"start":{"line":47,"column":14},"end":{"line":47,"column":43}},"type":"binary-expr","locations":[{"start":{"line":47,"column":14},"end":{"line":47,"column":36}},{"start":{"line":47,"column":40},"end":{"line":47,"column":43}}]}},"s":{"0":1,"1":1,"2":1,"3":0,"4":0,"5":0,"6":0,"7":0,"8":1,"9":1,"10":0,"11":0,"12":0,"13":0,"14":0,"15":1},"f":{"0":0,"1":0},"b":{"0":[0,0],"1":[0,0]}}
,"/Users/nakador/Code Projects/untitled folder/test/src/app/services/api/apiHooks/useCharacter/useCharacter.ts": {"path":"/Users/nakador/Code Projects/untitled folder/test/src/app/services/api/apiHooks/useCharacter/useCharacter.ts","statementMap":{"0":{"start":{"line":1,"column":0},"end":{"line":1,"column":49}},"1":{"start":{"line":2,"column":0},"end":{"line":2,"column":41}},"2":{"start":{"line":4,"column":0},"end":{"line":4,"column":58}},"3":{"start":{"line":6,"column":23},"end":{"line":14,"column":1}},"4":{"start":{"line":7,"column":19},"end":{"line":7,"column":41}},"5":{"start":{"line":9,"column":2},"end":{"line":11,"column":3}},"6":{"start":{"line":10,"column":4},"end":{"line":10,"column":95}},"7":{"start":{"line":13,"column":2},"end":{"line":13,"column":36}},"8":{"start":{"line":17,"column":28},"end":{"line":24,"column":1}},"9":{"start":{"line":18,"column":2},"end":{"line":23,"column":5}},"10":{"start":{"line":20,"column":19},"end":{"line":20,"column":45}},"11":{"start":{"line":17,"column":13},"end":{"line":17,"column":28}}},"fnMap":{"0":{"name":"(anonymous_0)","decl":{"start":{"line":6,"column":23},"end":{"line":6,"column":28}},"loc":{"start":{"line":6,"column":64},"end":{"line":14,"column":1}}},"1":{"name":"(anonymous_1)","decl":{"start":{"line":17,"column":28},"end":{"line":17,"column":29}},"loc":{"start":{"line":17,"column":55},"end":{"line":24,"column":1}}},"2":{"name":"(anonymous_2)","decl":{"start":{"line":20,"column":13},"end":{"line":20,"column":16}},"loc":{"start":{"line":20,"column":19},"end":{"line":20,"column":45}}}},"branchMap":{"0":{"loc":{"start":{"line":9,"column":2},"end":{"line":11,"column":3}},"type":"if","locations":[{"start":{"line":9,"column":2},"end":{"line":11,"column":3}}]},"1":{"loc":{"start":{"line":9,"column":6},"end":{"line":9,"column":47}},"type":"binary-expr","locations":[{"start":{"line":9,"column":6},"end":{"line":9,"column":29}},{"start":{"line":9,"column":33},"end":{"line":9,"column":47}}]},"2":{"loc":{"start":{"line":10,"column":23},"end":{"line":10,"column":76}},"type":"binary-expr","locations":[{"start":{"line":10,"column":23},"end":{"line":10,"column":45}},{"start":{"line":10,"column":49},"end":{"line":10,"column":76}}]}},"s":{"0":1,"1":1,"2":1,"3":1,"4":2,"5":2,"6":1,"7":1,"8":1,"9":4,"10":2,"11":1},"f":{"0":2,"1":4,"2":2},"b":{"0":[1],"1":[2,1],"2":[1,0]}}
,"/Users/nakador/Code Projects/untitled folder/test/src/app/services/api/apiHooks/useCharacters/useCharacters.ts": {"path":"/Users/nakador/Code Projects/untitled folder/test/src/app/services/api/apiHooks/useCharacters/useCharacters.ts","statementMap":{"0":{"start":{"line":1,"column":0},"end":{"line":1,"column":67}},"1":{"start":{"line":2,"column":0},"end":{"line":2,"column":42}},"2":{"start":{"line":4,"column":0},"end":{"line":4,"column":58}},"3":{"start":{"line":10,"column":24},"end":{"line":19,"column":1}},"4":{"start":{"line":12,"column":19},"end":{"line":12,"column":46}},"5":{"start":{"line":14,"column":2},"end":{"line":16,"column":3}},"6":{"start":{"line":15,"column":5},"end":{"line":15,"column":97}},"7":{"start":{"line":18,"column":2},"end":{"line":18,"column":45}},"8":{"start":{"line":22,"column":29},"end":{"line":29,"column":1}},"9":{"start":{"line":23,"column":2},"end":{"line":28,"column":5}},"10":{"start":{"line":25,"column":19},"end":{"line":25,"column":42}},"11":{"start":{"line":22,"column":13},"end":{"line":22,"column":29}}},"fnMap":{"0":{"name":"(anonymous_0)","decl":{"start":{"line":10,"column":24},"end":{"line":10,"column":29}},"loc":{"start":{"line":10,"column":91},"end":{"line":19,"column":1}}},"1":{"name":"(anonymous_1)","decl":{"start":{"line":22,"column":29},"end":{"line":22,"column":30}},"loc":{"start":{"line":22,"column":61},"end":{"line":29,"column":1}}},"2":{"name":"(anonymous_2)","decl":{"start":{"line":25,"column":13},"end":{"line":25,"column":16}},"loc":{"start":{"line":25,"column":19},"end":{"line":25,"column":42}}}},"branchMap":{"0":{"loc":{"start":{"line":14,"column":2},"end":{"line":16,"column":3}},"type":"if","locations":[{"start":{"line":14,"column":2},"end":{"line":16,"column":3}}]},"1":{"loc":{"start":{"line":14,"column":6},"end":{"line":14,"column":47}},"type":"binary-expr","locations":[{"start":{"line":14,"column":6},"end":{"line":14,"column":29}},{"start":{"line":14,"column":33},"end":{"line":14,"column":47}}]},"2":{"loc":{"start":{"line":15,"column":24},"end":{"line":15,"column":78}},"type":"binary-expr","locations":[{"start":{"line":15,"column":24},"end":{"line":15,"column":46}},{"start":{"line":15,"column":50},"end":{"line":15,"column":78}}]}},"s":{"0":2,"1":2,"2":2,"3":2,"4":1,"5":1,"6":0,"7":1,"8":2,"9":2,"10":1,"11":2},"f":{"0":1,"1":2,"2":1},"b":{"0":[0],"1":[1,1],"2":[0,0]}}
,"/Users/nakador/Code Projects/untitled folder/test/src/app/services/mocks/apimocks.ts": {"path":"/Users/nakador/Code Projects/untitled folder/test/src/app/services/mocks/apimocks.ts","statementMap":{"0":{"start":{"line":2,"column":0},"end":{"line":2,"column":55}},"1":{"start":{"line":4,"column":13},"end":{"line":7,"column":2}}},"fnMap":{},"branchMap":{},"s":{"0":2,"1":2},"f":{},"b":{}}
,"/Users/nakador/Code Projects/untitled folder/test/src/app/services/mocks/characterfactory.ts": {"path":"/Users/nakador/Code Projects/untitled folder/test/src/app/services/mocks/characterfactory.ts","statementMap":{"0":{"start":{"line":3,"column":35},"end":{"line":19,"column":1}},"1":{"start":{"line":4,"column":2},"end":{"line":18,"column":4}},"2":{"start":{"line":3,"column":13},"end":{"line":3,"column":35}}},"fnMap":{"0":{"name":"(anonymous_0)","decl":{"start":{"line":3,"column":35},"end":{"line":3,"column":36}},"loc":{"start":{"line":3,"column":81},"end":{"line":19,"column":1}}}},"branchMap":{},"s":{"0":6,"1":12,"2":6},"f":{"0":12},"b":{}}
,"/Users/nakador/Code Projects/untitled folder/test/src/app/services/mocks/charactermocks.ts": {"path":"/Users/nakador/Code Projects/untitled folder/test/src/app/services/mocks/charactermocks.ts","statementMap":{"0":{"start":{"line":1,"column":0},"end":{"line":1,"column":57}},"1":{"start":{"line":3,"column":13},"end":{"line":8,"column":3}},"2":{"start":{"line":10,"column":13},"end":{"line":15,"column":3}}},"fnMap":{},"branchMap":{},"s":{"0":6,"1":6,"2":6},"f":{},"b":{}}
,"/Users/nakador/Code Projects/untitled folder/test/src/app/services/mocks/mockhelpers.ts": {"path":"/Users/nakador/Code Projects/untitled folder/test/src/app/services/mocks/mockhelpers.ts","statementMap":{"0":{"start":{"line":4,"column":37},"end":{"line":34,"column":1}},"1":{"start":{"line":7,"column":59},"end":{"line":31,"column":4}},"2":{"start":{"line":33,"column":2},"end":{"line":33,"column":83}},"3":{"start":{"line":4,"column":13},"end":{"line":4,"column":37}}},"fnMap":{"0":{"name":"(anonymous_0)","decl":{"start":{"line":4,"column":37},"end":{"line":4,"column":null}},"loc":{"start":{"line":6,"column":35},"end":{"line":34,"column":1}}}},"branchMap":{"0":{"loc":{"start":{"line":5,"column":2},"end":{"line":5,"column":56}},"type":"default-arg","locations":[{"start":{"line":5,"column":54},"end":{"line":5,"column":56}}]}},"s":{"0":1,"1":4,"2":4,"3":1},"f":{"0":4},"b":{"0":[0]}}
,"/Users/nakador/Code Projects/untitled folder/test/src/app/services/testshelper/TestWrapper.tsx": {"path":"/Users/nakador/Code Projects/untitled folder/test/src/app/services/testshelper/TestWrapper.tsx","statementMap":{"0":{"start":{"line":2,"column":0},"end":{"line":2,"column":73}},"1":{"start":{"line":4,"column":0},"end":{"line":4,"column":82}},"2":{"start":{"line":5,"column":0},"end":{"line":5,"column":48}},"3":{"start":{"line":8,"column":20},"end":{"line":14,"column":2}},"4":{"start":{"line":21,"column":27},"end":{"line":39,"column":1}},"5":{"start":{"line":23,"column":4},"end":{"line":26,"column":null}},"6":{"start":{"line":30,"column":2},"end":{"line":36,"column":3}},"7":{"start":{"line":31,"column":4},"end":{"line":35,"column":6}},"8":{"start":{"line":38,"column":2},"end":{"line":38,"column":17}},"9":{"start":{"line":21,"column":13},"end":{"line":21,"column":27}}},"fnMap":{"0":{"name":"(anonymous_0)","decl":{"start":{"line":21,"column":27},"end":{"line":21,"column":28}},"loc":{"start":{"line":21,"column":138},"end":{"line":39,"column":1}}}},"branchMap":{"0":{"loc":{"start":{"line":21,"column":40},"end":{"line":21,"column":66}},"type":"default-arg","locations":[{"start":{"line":21,"column":61},"end":{"line":21,"column":66}}]},"1":{"loc":{"start":{"line":30,"column":2},"end":{"line":36,"column":3}},"type":"if","locations":[{"start":{"line":30,"column":2},"end":{"line":36,"column":3}}]}},"s":{"0":24,"1":24,"2":24,"3":24,"4":24,"5":78,"6":78,"7":3,"8":75,"9":24},"f":{"0":78},"b":{"0":[75],"1":[3]}}
,"/Users/nakador/Code Projects/untitled folder/test/src/app/utils/error/errors.ts": {"path":"/Users/nakador/Code Projects/untitled folder/test/src/app/utils/error/errors.ts","statementMap":{"0":{"start":{"line":6,"column":4},"end":{"line":6,"column":19}},"1":{"start":{"line":7,"column":4},"end":{"line":7,"column":25}},"2":{"start":{"line":8,"column":4},"end":{"line":8,"column":27}},"3":{"start":{"line":10,"column":4},"end":{"line":10,"column":52}},"4":{"start":{"line":2,"column":0},"end":{"line":2,"column":13}}},"fnMap":{"0":{"name":"(anonymous_0)","decl":{"start":{"line":5,"column":2},"end":{"line":5,"column":14}},"loc":{"start":{"line":5,"column":45},"end":{"line":11,"column":3}}}},"branchMap":{},"s":{"0":4,"1":4,"2":4,"3":4,"4":6},"f":{"0":4},"b":{}}
,"/Users/nakador/Code Projects/untitled folder/test/src/app/utils/sorting/sorting.ts": {"path":"/Users/nakador/Code Projects/untitled folder/test/src/app/utils/sorting/sorting.ts","statementMap":{"0":{"start":{"line":2,"column":0},"end":{"line":2,"column":60}},"1":{"start":{"line":5,"column":30},"end":{"line":13,"column":1}},"2":{"start":{"line":6,"column":2},"end":{"line":6,"column":44}},"3":{"start":{"line":6,"column":26},"end":{"line":6,"column":44}},"4":{"start":{"line":8,"column":2},"end":{"line":12,"column":5}},"5":{"start":{"line":9,"column":4},"end":{"line":9,"column":65}},"6":{"start":{"line":9,"column":29},"end":{"line":9,"column":65}},"7":{"start":{"line":10,"column":4},"end":{"line":10,"column":66}},"8":{"start":{"line":10,"column":30},"end":{"line":10,"column":66}},"9":{"start":{"line":11,"column":4},"end":{"line":11,"column":13}},"10":{"start":{"line":5,"column":13},"end":{"line":5,"column":30}}},"fnMap":{"0":{"name":"(anonymous_0)","decl":{"start":{"line":5,"column":30},"end":{"line":5,"column":31}},"loc":{"start":{"line":5,"column":90},"end":{"line":13,"column":1}}},"1":{"name":"(anonymous_1)","decl":{"start":{"line":8,"column":30},"end":{"line":8,"column":31}},"loc":{"start":{"line":8,"column":39},"end":{"line":12,"column":3}}}},"branchMap":{"0":{"loc":{"start":{"line":6,"column":2},"end":{"line":6,"column":44}},"type":"if","locations":[{"start":{"line":6,"column":2},"end":{"line":6,"column":44}}]},"1":{"loc":{"start":{"line":9,"column":4},"end":{"line":9,"column":65}},"type":"if","locations":[{"start":{"line":9,"column":4},"end":{"line":9,"column":65}}]},"2":{"loc":{"start":{"line":10,"column":4},"end":{"line":10,"column":66}},"type":"if","locations":[{"start":{"line":10,"column":4},"end":{"line":10,"column":66}}]}},"s":{"0":2,"1":2,"2":6,"3":4,"4":2,"5":7,"6":4,"7":3,"8":3,"9":0,"10":2},"f":{"0":6,"1":7},"b":{"0":[4],"1":[4],"2":[3]}}
,"/Users/nakador/Code Projects/untitled folder/test/src/app/utils/typeGuards/typeGuards.ts": {"path":"/Users/nakador/Code Projects/untitled folder/test/src/app/utils/typeGuards/typeGuards.ts","statementMap":{"0":{"start":{"line":1,"column":21},"end":{"line":3,"column":1}},"1":{"start":{"line":2,"column":2},"end":{"line":2,"column":47}},"2":{"start":{"line":1,"column":13},"end":{"line":1,"column":21}},"3":{"start":{"line":5,"column":24},"end":{"line":7,"column":1}},"4":{"start":{"line":6,"column":2},"end":{"line":6,"column":35}},"5":{"start":{"line":5,"column":13},"end":{"line":5,"column":24}},"6":{"start":{"line":9,"column":23},"end":{"line":11,"column":1}},"7":{"start":{"line":10,"column":2},"end":{"line":10,"column":30}},"8":{"start":{"line":9,"column":13},"end":{"line":9,"column":23}},"9":{"start":{"line":13,"column":24},"end":{"line":15,"column":1}},"10":{"start":{"line":14,"column":2},"end":{"line":14,"column":72}},"11":{"start":{"line":13,"column":13},"end":{"line":13,"column":24}},"12":{"start":{"line":17,"column":23},"end":{"line":26,"column":1}},"13":{"start":{"line":18,"column":2},"end":{"line":18,"column":32}},"14":{"start":{"line":18,"column":20},"end":{"line":18,"column":32}},"15":{"start":{"line":19,"column":2},"end":{"line":21,"column":3}},"16":{"start":{"line":20,"column":4},"end":{"line":20,"column":30}},"17":{"start":{"line":22,"column":2},"end":{"line":24,"column":3}},"18":{"start":{"line":23,"column":4},"end":{"line":23,"column":43}},"19":{"start":{"line":25,"column":2},"end":{"line":25,"column":15}},"20":{"start":{"line":17,"column":13},"end":{"line":17,"column":23}}},"fnMap":{"0":{"name":"(anonymous_0)","decl":{"start":{"line":1,"column":21},"end":{"line":1,"column":22}},"loc":{"start":{"line":1,"column":67},"end":{"line":3,"column":1}}},"1":{"name":"(anonymous_1)","decl":{"start":{"line":5,"column":24},"end":{"line":5,"column":25}},"loc":{"start":{"line":5,"column":60},"end":{"line":7,"column":1}}},"2":{"name":"(anonymous_2)","decl":{"start":{"line":9,"column":23},"end":{"line":9,"column":27}},"loc":{"start":{"line":9,"column":59},"end":{"line":11,"column":1}}},"3":{"name":"(anonymous_3)","decl":{"start":{"line":13,"column":24},"end":{"line":13,"column":25}},"loc":{"start":{"line":13,"column":77},"end":{"line":15,"column":1}}},"4":{"name":"(anonymous_4)","decl":{"start":{"line":17,"column":23},"end":{"line":17,"column":24}},"loc":{"start":{"line":17,"column":51},"end":{"line":26,"column":1}}}},"branchMap":{"0":{"loc":{"start":{"line":2,"column":9},"end":{"line":2,"column":46}},"type":"binary-expr","locations":[{"start":{"line":2,"column":9},"end":{"line":2,"column":23}},{"start":{"line":2,"column":27},"end":{"line":2,"column":46}}]},"1":{"loc":{"start":{"line":14,"column":9},"end":{"line":14,"column":71}},"type":"binary-expr","locations":[{"start":{"line":14,"column":9},"end":{"line":14,"column":34}},{"start":{"line":14,"column":38},"end":{"line":14,"column":52}},{"start":{"line":14,"column":56},"end":{"line":14,"column":71}}]},"2":{"loc":{"start":{"line":18,"column":2},"end":{"line":18,"column":32}},"type":"if","locations":[{"start":{"line":18,"column":2},"end":{"line":18,"column":32}}]},"3":{"loc":{"start":{"line":19,"column":2},"end":{"line":21,"column":3}},"type":"if","locations":[{"start":{"line":19,"column":2},"end":{"line":21,"column":3}}]},"4":{"loc":{"start":{"line":19,"column":6},"end":{"line":19,"column":39}},"type":"binary-expr","locations":[{"start":{"line":19,"column":6},"end":{"line":19,"column":21}},{"start":{"line":19,"column":25},"end":{"line":19,"column":39}}]},"5":{"loc":{"start":{"line":22,"column":2},"end":{"line":24,"column":3}},"type":"if","locations":[{"start":{"line":22,"column":2},"end":{"line":24,"column":3}}]}},"s":{"0":9,"1":31,"2":9,"3":9,"4":43,"5":9,"6":9,"7":17,"8":9,"9":9,"10":0,"11":9,"12":9,"13":30,"14":2,"15":28,"16":28,"17":0,"18":0,"19":0,"20":9},"f":{"0":31,"1":43,"2":17,"3":0,"4":30},"b":{"0":[31,31],"1":[0,0,0],"2":[2],"3":[28],"4":[28,17],"5":[0]}}
,"/Users/nakador/Code Projects/untitled folder/test/src/designSystem/atoms/backdrop/backdrop.styles.ts": {"path":"/Users/nakador/Code Projects/untitled folder/test/src/designSystem/atoms/backdrop/backdrop.styles.ts","statementMap":{"0":{"start":{"line":1,"column":0},"end":{"line":1,"column":54}},"1":{"start":{"line":2,"column":0},"end":{"line":2,"column":43}},"2":{"start":{"line":4,"column":14},"end":{"line":14,"column":2}},"3":{"start":{"line":16,"column":13},"end":{"line":21,"column":2}},"4":{"start":{"line":23,"column":13},"end":{"line":37,"column":2}},"5":{"start":{"line":35,"column":22},"end":{"line":35,"column":50}},"6":{"start":{"line":39,"column":13},"end":{"line":44,"column":2}},"7":{"start":{"line":43,"column":18},"end":{"line":43,"column":40}}},"fnMap":{"0":{"name":"(anonymous_0)","decl":{"start":{"line":35,"column":13},"end":{"line":35,"column":18}},"loc":{"start":{"line":35,"column":22},"end":{"line":35,"column":50}}},"1":{"name":"(anonymous_1)","decl":{"start":{"line":43,"column":9},"end":{"line":43,"column":14}},"loc":{"start":{"line":43,"column":18},"end":{"line":43,"column":40}}}},"branchMap":{},"s":{"0":3,"1":3,"2":3,"3":3,"4":3,"5":3,"6":3,"7":3},"f":{"0":3,"1":3},"b":{}}
,"/Users/nakador/Code Projects/untitled folder/test/src/designSystem/atoms/backdrop/backdrop.tsx": {"path":"/Users/nakador/Code Projects/untitled folder/test/src/designSystem/atoms/backdrop/backdrop.tsx","statementMap":{"0":{"start":{"line":2,"column":0},"end":{"line":2,"column":71}},"1":{"start":{"line":3,"column":18},"end":{"line":3,"column":48}},"2":{"start":{"line":7,"column":49},"end":{"line":15,"column":1}},"3":{"start":{"line":8,"column":2},"end":{"line":14,"column":4}},"4":{"start":{"line":7,"column":13},"end":{"line":7,"column":49}}},"fnMap":{"0":{"name":"(anonymous_0)","decl":{"start":{"line":7,"column":49},"end":{"line":7,"column":50}},"loc":{"start":{"line":7,"column":86},"end":{"line":15,"column":1}}}},"branchMap":{"0":{"loc":{"start":{"line":7,"column":52},"end":{"line":7,"column":70}},"type":"default-arg","locations":[{"start":{"line":7,"column":57},"end":{"line":7,"column":70}}]}},"s":{"0":3,"1":3,"2":3,"3":3,"4":3},"f":{"0":3},"b":{"0":[3]}}
,"/Users/nakador/Code Projects/untitled folder/test/src/designSystem/atoms/box/box.styles.ts": {"path":"/Users/nakador/Code Projects/untitled folder/test/src/designSystem/atoms/box/box.styles.ts","statementMap":{"0":{"start":{"line":1,"column":0},"end":{"line":1,"column":39}},"1":{"start":{"line":8,"column":13},"end":{"line":11,"column":2}},"2":{"start":{"line":9,"column":22},"end":{"line":9,"column":43}},"3":{"start":{"line":10,"column":21},"end":{"line":10,"column":41}}},"fnMap":{"0":{"name":"(anonymous_0)","decl":{"start":{"line":9,"column":13},"end":{"line":9,"column":18}},"loc":{"start":{"line":9,"column":22},"end":{"line":9,"column":43}}},"1":{"name":"(anonymous_1)","decl":{"start":{"line":10,"column":12},"end":{"line":10,"column":17}},"loc":{"start":{"line":10,"column":21},"end":{"line":10,"column":41}}}},"branchMap":{"0":{"loc":{"start":{"line":9,"column":22},"end":{"line":9,"column":43}},"type":"binary-expr","locations":[{"start":{"line":9,"column":22},"end":{"line":9,"column":36}},{"start":{"line":9,"column":40},"end":{"line":9,"column":43}}]},"1":{"loc":{"start":{"line":10,"column":21},"end":{"line":10,"column":41}},"type":"binary-expr","locations":[{"start":{"line":10,"column":21},"end":{"line":10,"column":34}},{"start":{"line":10,"column":38},"end":{"line":10,"column":41}}]}},"s":{"0":6,"1":6,"2":30,"3":30},"f":{"0":30,"1":30},"b":{"0":[30,29],"1":[30,11]}}
,"/Users/nakador/Code Projects/untitled folder/test/src/designSystem/atoms/box/box.tsx": {"path":"/Users/nakador/Code Projects/untitled folder/test/src/designSystem/atoms/box/box.tsx","statementMap":{"0":{"start":{"line":2,"column":0},"end":{"line":2,"column":41}},"1":{"start":{"line":11,"column":39},"end":{"line":29,"column":1}},"2":{"start":{"line":18,"column":2},"end":{"line":28,"column":4}},"3":{"start":{"line":11,"column":13},"end":{"line":11,"column":39}}},"fnMap":{"0":{"name":"(anonymous_0)","decl":{"start":{"line":11,"column":39},"end":{"line":11,"column":40}},"loc":{"start":{"line":17,"column":5},"end":{"line":29,"column":1}}}},"branchMap":{"0":{"loc":{"start":{"line":14,"column":2},"end":{"line":14,"column":22}},"type":"default-arg","locations":[{"start":{"line":14,"column":7},"end":{"line":14,"column":22}}]}},"s":{"0":6,"1":6,"2":30,"3":6},"f":{"0":30},"b":{"0":[13]}}
,"/Users/nakador/Code Projects/untitled folder/test/src/designSystem/atoms/button/button.styles.ts": {"path":"/Users/nakador/Code Projects/untitled folder/test/src/designSystem/atoms/button/button.styles.ts","statementMap":{"0":{"start":{"line":1,"column":0},"end":{"line":1,"column":39}},"1":{"start":{"line":3,"column":13},"end":{"line":22,"column":2}},"2":{"start":{"line":4,"column":22},"end":{"line":4,"column":75}},"3":{"start":{"line":5,"column":31},"end":{"line":5,"column":64}},"4":{"start":{"line":6,"column":20},"end":{"line":6,"column":43}},"5":{"start":{"line":8,"column":28},"end":{"line":8,"column":48}},"6":{"start":{"line":10,"column":24},"end":{"line":10,"column":48}},"7":{"start":{"line":19,"column":33},"end":{"line":19,"column":59}},"8":{"start":{"line":20,"column":22},"end":{"line":20,"column":52}}},"fnMap":{"0":{"name":"(anonymous_0)","decl":{"start":{"line":4,"column":13},"end":{"line":4,"column":18}},"loc":{"start":{"line":4,"column":22},"end":{"line":4,"column":75}}},"1":{"name":"(anonymous_1)","decl":{"start":{"line":5,"column":22},"end":{"line":5,"column":27}},"loc":{"start":{"line":5,"column":31},"end":{"line":5,"column":64}}},"2":{"name":"(anonymous_2)","decl":{"start":{"line":6,"column":11},"end":{"line":6,"column":16}},"loc":{"start":{"line":6,"column":20},"end":{"line":6,"column":43}}},"3":{"name":"(anonymous_3)","decl":{"start":{"line":8,"column":19},"end":{"line":8,"column":24}},"loc":{"start":{"line":8,"column":28},"end":{"line":8,"column":48}}},"4":{"name":"(anonymous_4)","decl":{"start":{"line":10,"column":15},"end":{"line":10,"column":20}},"loc":{"start":{"line":10,"column":24},"end":{"line":10,"column":48}}},"5":{"name":"(anonymous_5)","decl":{"start":{"line":19,"column":24},"end":{"line":19,"column":29}},"loc":{"start":{"line":19,"column":33},"end":{"line":19,"column":59}}},"6":{"name":"(anonymous_6)","decl":{"start":{"line":20,"column":13},"end":{"line":20,"column":18}},"loc":{"start":{"line":20,"column":22},"end":{"line":20,"column":52}}}},"branchMap":{},"s":{"0":8,"1":8,"2":53,"3":53,"4":53,"5":53,"6":53,"7":53,"8":53},"f":{"0":53,"1":53,"2":53,"3":53,"4":53,"5":53,"6":53},"b":{}}
,"/Users/nakador/Code Projects/untitled folder/test/src/designSystem/atoms/button/button.tsx": {"path":"/Users/nakador/Code Projects/untitled folder/test/src/designSystem/atoms/button/button.tsx","statementMap":{"0":{"start":{"line":2,"column":0},"end":{"line":2,"column":47}},"1":{"start":{"line":8,"column":45},"end":{"line":11,"column":null}},"2":{"start":{"line":9,"column":4},"end":{"line":10,"column":null}},"3":{"start":{"line":8,"column":13},"end":{"line":8,"column":45}}},"fnMap":{"0":{"name":"(anonymous_0)","decl":{"start":{"line":8,"column":45},"end":{"line":8,"column":46}},"loc":{"start":{"line":9,"column":4},"end":{"line":10,"column":null}}}},"branchMap":{"0":{"loc":{"start":{"line":8,"column":58},"end":{"line":8,"column":72}},"type":"default-arg","locations":[{"start":{"line":8,"column":61},"end":{"line":8,"column":72}}]}},"s":{"0":8,"1":8,"2":53,"3":8},"f":{"0":53},"b":{"0":[46]}}
,"/Users/nakador/Code Projects/untitled folder/test/src/designSystem/atoms/flex/flex.styles.ts": {"path":"/Users/nakador/Code Projects/untitled folder/test/src/designSystem/atoms/flex/flex.styles.ts","statementMap":{"0":{"start":{"line":1,"column":0},"end":{"line":1,"column":39}},"1":{"start":{"line":11,"column":13},"end":{"line":18,"column":2}},"2":{"start":{"line":13,"column":18},"end":{"line":13,"column":35}},"3":{"start":{"line":14,"column":26},"end":{"line":14,"column":51}},"4":{"start":{"line":15,"column":30},"end":{"line":15,"column":60}},"5":{"start":{"line":16,"column":24},"end":{"line":16,"column":47}},"6":{"start":{"line":17,"column":29},"end":{"line":17,"column":54}}},"fnMap":{"0":{"name":"(anonymous_0)","decl":{"start":{"line":13,"column":9},"end":{"line":13,"column":14}},"loc":{"start":{"line":13,"column":18},"end":{"line":13,"column":35}}},"1":{"name":"(anonymous_1)","decl":{"start":{"line":14,"column":17},"end":{"line":14,"column":22}},"loc":{"start":{"line":14,"column":26},"end":{"line":14,"column":51}}},"2":{"name":"(anonymous_2)","decl":{"start":{"line":15,"column":21},"end":{"line":15,"column":26}},"loc":{"start":{"line":15,"column":30},"end":{"line":15,"column":60}}},"3":{"name":"(anonymous_3)","decl":{"start":{"line":16,"column":15},"end":{"line":16,"column":20}},"loc":{"start":{"line":16,"column":24},"end":{"line":16,"column":47}}},"4":{"name":"(anonymous_4)","decl":{"start":{"line":17,"column":20},"end":{"line":17,"column":25}},"loc":{"start":{"line":17,"column":29},"end":{"line":17,"column":54}}}},"branchMap":{"0":{"loc":{"start":{"line":13,"column":18},"end":{"line":13,"column":35}},"type":"binary-expr","locations":[{"start":{"line":13,"column":18},"end":{"line":13,"column":28}},{"start":{"line":13,"column":32},"end":{"line":13,"column":35}}]},"1":{"loc":{"start":{"line":14,"column":26},"end":{"line":14,"column":51}},"type":"binary-expr","locations":[{"start":{"line":14,"column":26},"end":{"line":14,"column":38}},{"start":{"line":14,"column":42},"end":{"line":14,"column":51}}]},"2":{"loc":{"start":{"line":15,"column":30},"end":{"line":15,"column":60}},"type":"binary-expr","locations":[{"start":{"line":15,"column":30},"end":{"line":15,"column":44}},{"start":{"line":15,"column":48},"end":{"line":15,"column":60}}]},"3":{"loc":{"start":{"line":16,"column":24},"end":{"line":16,"column":47}},"type":"binary-expr","locations":[{"start":{"line":16,"column":24},"end":{"line":16,"column":35}},{"start":{"line":16,"column":39},"end":{"line":16,"column":47}}]},"4":{"loc":{"start":{"line":17,"column":29},"end":{"line":17,"column":54}},"type":"binary-expr","locations":[{"start":{"line":17,"column":29},"end":{"line":17,"column":45}},{"start":{"line":17,"column":49},"end":{"line":17,"column":54}}]}},"s":{"0":7,"1":7,"2":24,"3":24,"4":24,"5":24,"6":24},"f":{"0":24,"1":24,"2":24,"3":24,"4":24},"b":{"0":[24,2],"1":[24,2],"2":[24,16],"3":[24,24],"4":[24,24]}}
,"/Users/nakador/Code Projects/untitled folder/test/src/designSystem/atoms/flex/flex.tsx": {"path":"/Users/nakador/Code Projects/untitled folder/test/src/designSystem/atoms/flex/flex.tsx","statementMap":{"0":{"start":{"line":2,"column":0},"end":{"line":2,"column":43}},"1":{"start":{"line":14,"column":41},"end":{"line":38,"column":1}},"2":{"start":{"line":24,"column":2},"end":{"line":37,"column":4}},"3":{"start":{"line":14,"column":13},"end":{"line":14,"column":41}}},"fnMap":{"0":{"name":"(anonymous_0)","decl":{"start":{"line":14,"column":41},"end":{"line":14,"column":42}},"loc":{"start":{"line":23,"column":5},"end":{"line":38,"column":1}}}},"branchMap":{"0":{"loc":{"start":{"line":20,"column":2},"end":{"line":20,"column":23}},"type":"default-arg","locations":[{"start":{"line":20,"column":7},"end":{"line":20,"column":23}}]}},"s":{"0":7,"1":7,"2":24,"3":7},"f":{"0":24},"b":{"0":[1]}}
,"/Users/nakador/Code Projects/untitled folder/test/src/designSystem/atoms/image/image.styles.ts": {"path":"/Users/nakador/Code Projects/untitled folder/test/src/designSystem/atoms/image/image.styles.ts","statementMap":{"0":{"start":{"line":1,"column":0},"end":{"line":1,"column":39}},"1":{"start":{"line":8,"column":13},"end":{"line":13,"column":2}},"2":{"start":{"line":9,"column":21},"end":{"line":9,"column":97}},"3":{"start":{"line":10,"column":22},"end":{"line":10,"column":101}}},"fnMap":{"0":{"name":"(anonymous_0)","decl":{"start":{"line":9,"column":11},"end":{"line":9,"column":16}},"loc":{"start":{"line":9,"column":21},"end":{"line":9,"column":97}}},"1":{"name":"(anonymous_1)","decl":{"start":{"line":10,"column":12},"end":{"line":10,"column":17}},"loc":{"start":{"line":10,"column":22},"end":{"line":10,"column":101}}}},"branchMap":{"0":{"loc":{"start":{"line":9,"column":21},"end":{"line":9,"column":97}},"type":"cond-expr","locations":[{"start":{"line":9,"column":55},"end":{"line":9,"column":73}},{"start":{"line":9,"column":76},"end":{"line":9,"column":97}}]},"1":{"loc":{"start":{"line":9,"column":76},"end":{"line":9,"column":97}},"type":"binary-expr","locations":[{"start":{"line":9,"column":76},"end":{"line":9,"column":87}},{"start":{"line":9,"column":91},"end":{"line":9,"column":97}}]},"2":{"loc":{"start":{"line":10,"column":22},"end":{"line":10,"column":101}},"type":"cond-expr","locations":[{"start":{"line":10,"column":57},"end":{"line":10,"column":76}},{"start":{"line":10,"column":79},"end":{"line":10,"column":101}}]},"3":{"loc":{"start":{"line":10,"column":79},"end":{"line":10,"column":101}},"type":"binary-expr","locations":[{"start":{"line":10,"column":79},"end":{"line":10,"column":91}},{"start":{"line":10,"column":95},"end":{"line":10,"column":101}}]}},"s":{"0":10,"1":10,"2":29,"3":29},"f":{"0":29,"1":29},"b":{"0":[12,17],"1":[17,17],"2":[12,17],"3":[17,17]}}
,"/Users/nakador/Code Projects/untitled folder/test/src/designSystem/atoms/image/image.tsx": {"path":"/Users/nakador/Code Projects/untitled folder/test/src/designSystem/atoms/image/image.tsx","statementMap":{"0":{"start":{"line":2,"column":0},"end":{"line":2,"column":45}},"1":{"start":{"line":7,"column":47},"end":{"line":7,"column":132}},"2":{"start":{"line":7,"column":81},"end":{"line":7,"column":132}},"3":{"start":{"line":7,"column":13},"end":{"line":7,"column":47}}},"fnMap":{"0":{"name":"(anonymous_0)","decl":{"start":{"line":7,"column":47},"end":{"line":7,"column":48}},"loc":{"start":{"line":7,"column":81},"end":{"line":7,"column":132}}}},"branchMap":{"0":{"loc":{"start":{"line":7,"column":50},"end":{"line":7,"column":63}},"type":"default-arg","locations":[{"start":{"line":7,"column":53},"end":{"line":7,"column":63}}]}},"s":{"0":10,"1":10,"2":29,"3":10},"f":{"0":29},"b":{"0":[27]}}
,"/Users/nakador/Code Projects/untitled folder/test/src/designSystem/atoms/input/input.styles.ts": {"path":"/Users/nakador/Code Projects/untitled folder/test/src/designSystem/atoms/input/input.styles.ts","statementMap":{"0":{"start":{"line":1,"column":0},"end":{"line":1,"column":39}},"1":{"start":{"line":3,"column":13},"end":{"line":16,"column":2}},"2":{"start":{"line":4,"column":22},"end":{"line":4,"column":75}},"3":{"start":{"line":5,"column":28},"end":{"line":5,"column":48}},"4":{"start":{"line":6,"column":31},"end":{"line":6,"column":56}},"5":{"start":{"line":7,"column":31},"end":{"line":7,"column":60}},"6":{"start":{"line":8,"column":20},"end":{"line":8,"column":43}},"7":{"start":{"line":9,"column":24},"end":{"line":9,"column":48}},"8":{"start":{"line":14,"column":29},"end":{"line":14,"column":55}}},"fnMap":{"0":{"name":"(anonymous_0)","decl":{"start":{"line":4,"column":13},"end":{"line":4,"column":18}},"loc":{"start":{"line":4,"column":22},"end":{"line":4,"column":75}}},"1":{"name":"(anonymous_1)","decl":{"start":{"line":5,"column":19},"end":{"line":5,"column":24}},"loc":{"start":{"line":5,"column":28},"end":{"line":5,"column":48}}},"2":{"name":"(anonymous_2)","decl":{"start":{"line":6,"column":22},"end":{"line":6,"column":27}},"loc":{"start":{"line":6,"column":31},"end":{"line":6,"column":56}}},"3":{"name":"(anonymous_3)","decl":{"start":{"line":7,"column":22},"end":{"line":7,"column":27}},"loc":{"start":{"line":7,"column":31},"end":{"line":7,"column":60}}},"4":{"name":"(anonymous_4)","decl":{"start":{"line":8,"column":11},"end":{"line":8,"column":16}},"loc":{"start":{"line":8,"column":20},"end":{"line":8,"column":43}}},"5":{"name":"(anonymous_5)","decl":{"start":{"line":9,"column":15},"end":{"line":9,"column":20}},"loc":{"start":{"line":9,"column":24},"end":{"line":9,"column":48}}},"6":{"name":"(anonymous_6)","decl":{"start":{"line":14,"column":20},"end":{"line":14,"column":25}},"loc":{"start":{"line":14,"column":29},"end":{"line":14,"column":55}}}},"branchMap":{},"s":{"0":4,"1":4,"2":33,"3":33,"4":33,"5":33,"6":33,"7":33,"8":33},"f":{"0":33,"1":33,"2":33,"3":33,"4":33,"5":33,"6":33},"b":{}}
,"/Users/nakador/Code Projects/untitled folder/test/src/designSystem/atoms/input/input.tsx": {"path":"/Users/nakador/Code Projects/untitled folder/test/src/designSystem/atoms/input/input.tsx","statementMap":{"0":{"start":{"line":2,"column":0},"end":{"line":2,"column":45}},"1":{"start":{"line":6,"column":43},"end":{"line":6,"column":127}},"2":{"start":{"line":6,"column":76},"end":{"line":6,"column":127}},"3":{"start":{"line":6,"column":13},"end":{"line":6,"column":43}}},"fnMap":{"0":{"name":"(anonymous_0)","decl":{"start":{"line":6,"column":43},"end":{"line":6,"column":44}},"loc":{"start":{"line":6,"column":76},"end":{"line":6,"column":127}}}},"branchMap":{"0":{"loc":{"start":{"line":6,"column":46},"end":{"line":6,"column":59}},"type":"default-arg","locations":[{"start":{"line":6,"column":49},"end":{"line":6,"column":59}}]}},"s":{"0":4,"1":4,"2":33,"3":4},"f":{"0":33},"b":{"0":[1]}}
,"/Users/nakador/Code Projects/untitled folder/test/src/designSystem/atoms/scrollToTop/scrollToTop.styles.ts": {"path":"/Users/nakador/Code Projects/untitled folder/test/src/designSystem/atoms/scrollToTop/scrollToTop.styles.ts","statementMap":{"0":{"start":{"line":1,"column":0},"end":{"line":1,"column":39}},"1":{"start":{"line":2,"column":0},"end":{"line":2,"column":42}},"2":{"start":{"line":4,"column":13},"end":{"line":29,"column":2}},"3":{"start":{"line":6,"column":21},"end":{"line":6,"column":43}},"4":{"start":{"line":7,"column":20},"end":{"line":7,"column":42}},"5":{"start":{"line":8,"column":31},"end":{"line":8,"column":57}},"6":{"start":{"line":9,"column":20},"end":{"line":9,"column":48}},"7":{"start":{"line":20,"column":23},"end":{"line":20,"column":51}},"8":{"start":{"line":21,"column":26},"end":{"line":21,"column":65}},"9":{"start":{"line":23,"column":22},"end":{"line":23,"column":48}},"10":{"start":{"line":27,"column":33},"end":{"line":27,"column":61}}},"fnMap":{"0":{"name":"(anonymous_0)","decl":{"start":{"line":6,"column":12},"end":{"line":6,"column":17}},"loc":{"start":{"line":6,"column":21},"end":{"line":6,"column":43}}},"1":{"name":"(anonymous_1)","decl":{"start":{"line":7,"column":11},"end":{"line":7,"column":16}},"loc":{"start":{"line":7,"column":20},"end":{"line":7,"column":42}}},"2":{"name":"(anonymous_2)","decl":{"start":{"line":8,"column":22},"end":{"line":8,"column":27}},"loc":{"start":{"line":8,"column":31},"end":{"line":8,"column":57}}},"3":{"name":"(anonymous_3)","decl":{"start":{"line":9,"column":11},"end":{"line":9,"column":16}},"loc":{"start":{"line":9,"column":20},"end":{"line":9,"column":48}}},"4":{"name":"(anonymous_4)","decl":{"start":{"line":20,"column":13},"end":{"line":20,"column":18}},"loc":{"start":{"line":20,"column":23},"end":{"line":20,"column":51}}},"5":{"name":"(anonymous_5)","decl":{"start":{"line":21,"column":16},"end":{"line":21,"column":21}},"loc":{"start":{"line":21,"column":26},"end":{"line":21,"column":65}}},"6":{"name":"(anonymous_6)","decl":{"start":{"line":23,"column":13},"end":{"line":23,"column":18}},"loc":{"start":{"line":23,"column":22},"end":{"line":23,"column":48}}},"7":{"name":"(anonymous_7)","decl":{"start":{"line":27,"column":24},"end":{"line":27,"column":29}},"loc":{"start":{"line":27,"column":33},"end":{"line":27,"column":61}}}},"branchMap":{"0":{"loc":{"start":{"line":20,"column":23},"end":{"line":20,"column":51}},"type":"cond-expr","locations":[{"start":{"line":20,"column":42},"end":{"line":20,"column":45}},{"start":{"line":20,"column":48},"end":{"line":20,"column":51}}]},"1":{"loc":{"start":{"line":21,"column":26},"end":{"line":21,"column":65}},"type":"cond-expr","locations":[{"start":{"line":21,"column":45},"end":{"line":21,"column":54}},{"start":{"line":21,"column":57},"end":{"line":21,"column":65}}]}},"s":{"0":2,"1":2,"2":2,"3":6,"4":6,"5":6,"6":6,"7":6,"8":6,"9":6,"10":6},"f":{"0":6,"1":6,"2":6,"3":6,"4":6,"5":6,"6":6,"7":6},"b":{"0":[1,5],"1":[1,5]}}
,"/Users/nakador/Code Projects/untitled folder/test/src/designSystem/atoms/scrollToTop/scrollToTop.tsx": {"path":"/Users/nakador/Code Projects/untitled folder/test/src/designSystem/atoms/scrollToTop/scrollToTop.tsx","statementMap":{"0":{"start":{"line":1,"column":0},"end":{"line":1,"column":51}},"1":{"start":{"line":2,"column":0},"end":{"line":2,"column":52}},"2":{"start":{"line":8,"column":55},"end":{"line":43,"column":1}},"3":{"start":{"line":9,"column":36},"end":{"line":9,"column":51}},"4":{"start":{"line":11,"column":2},"end":{"line":23,"column":9}},"5":{"start":{"line":12,"column":29},"end":{"line":18,"column":5}},"6":{"start":{"line":13,"column":6},"end":{"line":17,"column":7}},"7":{"start":{"line":14,"column":8},"end":{"line":14,"column":27}},"8":{"start":{"line":16,"column":8},"end":{"line":16,"column":28}},"9":{"start":{"line":20,"column":4},"end":{"line":20,"column":56}},"10":{"start":{"line":22,"column":4},"end":{"line":22,"column":72}},"11":{"start":{"line":22,"column":17},"end":{"line":22,"column":71}},"12":{"start":{"line":25,"column":22},"end":{"line":30,"column":3}},"13":{"start":{"line":26,"column":4},"end":{"line":29,"column":7}},"14":{"start":{"line":32,"column":2},"end":{"line":42,"column":4}},"15":{"start":{"line":8,"column":13},"end":{"line":8,"column":55}}},"fnMap":{"0":{"name":"(anonymous_0)","decl":{"start":{"line":8,"column":55},"end":{"line":8,"column":56}},"loc":{"start":{"line":8,"column":84},"end":{"line":43,"column":1}}},"1":{"name":"(anonymous_1)","decl":{"start":{"line":11,"column":12},"end":{"line":11,"column":15}},"loc":{"start":{"line":11,"column":17},"end":{"line":23,"column":3}}},"2":{"name":"(anonymous_2)","decl":{"start":{"line":12,"column":29},"end":{"line":12,"column":32}},"loc":{"start":{"line":12,"column":34},"end":{"line":18,"column":5}}},"3":{"name":"(anonymous_3)","decl":{"start":{"line":22,"column":11},"end":{"line":22,"column":14}},"loc":{"start":{"line":22,"column":17},"end":{"line":22,"column":71}}},"4":{"name":"(anonymous_4)","decl":{"start":{"line":25,"column":22},"end":{"line":25,"column":25}},"loc":{"start":{"line":25,"column":27},"end":{"line":30,"column":3}}}},"branchMap":{"0":{"loc":{"start":{"line":8,"column":58},"end":{"line":8,"column":78}},"type":"default-arg","locations":[{"start":{"line":8,"column":63},"end":{"line":8,"column":78}}]},"1":{"loc":{"start":{"line":13,"column":6},"end":{"line":17,"column":7}},"type":"if","locations":[{"start":{"line":13,"column":6},"end":{"line":17,"column":7}},{"start":{"line":15,"column":13},"end":{"line":17,"column":7}}]}},"s":{"0":2,"1":2,"2":2,"3":6,"4":6,"5":5,"6":1,"7":1,"8":0,"9":5,"10":5,"11":5,"12":6,"13":1,"14":6,"15":2},"f":{"0":6,"1":5,"2":1,"3":5,"4":1},"b":{"0":[6],"1":[1,0]}}
,"/Users/nakador/Code Projects/untitled folder/test/src/designSystem/atoms/select/select.styles.ts": {"path":"/Users/nakador/Code Projects/untitled folder/test/src/designSystem/atoms/select/select.styles.ts","statementMap":{"0":{"start":{"line":1,"column":0},"end":{"line":1,"column":39}},"1":{"start":{"line":3,"column":13},"end":{"line":30,"column":2}},"2":{"start":{"line":5,"column":22},"end":{"line":5,"column":75}},"3":{"start":{"line":6,"column":28},"end":{"line":6,"column":48}},"4":{"start":{"line":7,"column":31},"end":{"line":7,"column":56}},"5":{"start":{"line":8,"column":31},"end":{"line":8,"column":60}},"6":{"start":{"line":9,"column":20},"end":{"line":9,"column":43}},"7":{"start":{"line":10,"column":24},"end":{"line":10,"column":48}},"8":{"start":{"line":11,"column":20},"end":{"line":11,"column":43}},"9":{"start":{"line":15,"column":29},"end":{"line":15,"column":55}}},"fnMap":{"0":{"name":"(anonymous_0)","decl":{"start":{"line":5,"column":13},"end":{"line":5,"column":18}},"loc":{"start":{"line":5,"column":22},"end":{"line":5,"column":75}}},"1":{"name":"(anonymous_1)","decl":{"start":{"line":6,"column":19},"end":{"line":6,"column":24}},"loc":{"start":{"line":6,"column":28},"end":{"line":6,"column":48}}},"2":{"name":"(anonymous_2)","decl":{"start":{"line":7,"column":22},"end":{"line":7,"column":27}},"loc":{"start":{"line":7,"column":31},"end":{"line":7,"column":56}}},"3":{"name":"(anonymous_3)","decl":{"start":{"line":8,"column":22},"end":{"line":8,"column":27}},"loc":{"start":{"line":8,"column":31},"end":{"line":8,"column":60}}},"4":{"name":"(anonymous_4)","decl":{"start":{"line":9,"column":11},"end":{"line":9,"column":16}},"loc":{"start":{"line":9,"column":20},"end":{"line":9,"column":43}}},"5":{"name":"(anonymous_5)","decl":{"start":{"line":10,"column":15},"end":{"line":10,"column":20}},"loc":{"start":{"line":10,"column":24},"end":{"line":10,"column":48}}},"6":{"name":"(anonymous_6)","decl":{"start":{"line":11,"column":11},"end":{"line":11,"column":16}},"loc":{"start":{"line":11,"column":20},"end":{"line":11,"column":43}}},"7":{"name":"(anonymous_7)","decl":{"start":{"line":15,"column":20},"end":{"line":15,"column":25}},"loc":{"start":{"line":15,"column":29},"end":{"line":15,"column":55}}}},"branchMap":{"0":{"loc":{"start":{"line":11,"column":20},"end":{"line":11,"column":43}},"type":"binary-expr","locations":[{"start":{"line":11,"column":20},"end":{"line":11,"column":32}},{"start":{"line":11,"column":36},"end":{"line":11,"column":43}}]}},"s":{"0":3,"1":3,"2":66,"3":66,"4":66,"5":66,"6":66,"7":66,"8":66,"9":66},"f":{"0":66,"1":66,"2":66,"3":66,"4":66,"5":66,"6":66,"7":66},"b":{"0":[66,66]}}
,"/Users/nakador/Code Projects/untitled folder/test/src/designSystem/atoms/select/select.tsx": {"path":"/Users/nakador/Code Projects/untitled folder/test/src/designSystem/atoms/select/select.tsx","statementMap":{"0":{"start":{"line":2,"column":0},"end":{"line":2,"column":47}},"1":{"start":{"line":15,"column":45},"end":{"line":22,"column":null}},"2":{"start":{"line":16,"column":2},"end":{"line":21,"column":null}},"3":{"start":{"line":18,"column":8},"end":{"line":18,"column":35}},"4":{"start":{"line":15,"column":13},"end":{"line":15,"column":45}}},"fnMap":{"0":{"name":"(anonymous_0)","decl":{"start":{"line":15,"column":45},"end":{"line":15,"column":46}},"loc":{"start":{"line":16,"column":2},"end":{"line":21,"column":null}}},"1":{"name":"(anonymous_1)","decl":{"start":{"line":17,"column":19},"end":{"line":17,"column":20}},"loc":{"start":{"line":18,"column":8},"end":{"line":18,"column":35}}}},"branchMap":{"0":{"loc":{"start":{"line":15,"column":57},"end":{"line":15,"column":73}},"type":"default-arg","locations":[{"start":{"line":15,"column":62},"end":{"line":15,"column":73}}]}},"s":{"0":3,"1":3,"2":66,"3":258,"4":3},"f":{"0":66,"1":258},"b":{"0":[1]}}
,"/Users/nakador/Code Projects/untitled folder/test/src/designSystem/atoms/text/text.styles.ts": {"path":"/Users/nakador/Code Projects/untitled folder/test/src/designSystem/atoms/text/text.styles.ts","statementMap":{"0":{"start":{"line":1,"column":0},"end":{"line":1,"column":48}},"1":{"start":{"line":17,"column":13},"end":{"line":29,"column":2}},"2":{"start":{"line":19,"column":24},"end":{"line":19,"column":66}},"3":{"start":{"line":20,"column":26},"end":{"line":20,"column":48}},"4":{"start":{"line":21,"column":25},"end":{"line":21,"column":47}},"5":{"start":{"line":22,"column":20},"end":{"line":22,"column":62}},"6":{"start":{"line":24,"column":13},"end":{"line":28,"column":null}}},"fnMap":{"0":{"name":"(anonymous_0)","decl":{"start":{"line":19,"column":15},"end":{"line":19,"column":20}},"loc":{"start":{"line":19,"column":24},"end":{"line":19,"column":66}}},"1":{"name":"(anonymous_1)","decl":{"start":{"line":20,"column":17},"end":{"line":20,"column":22}},"loc":{"start":{"line":20,"column":26},"end":{"line":20,"column":48}}},"2":{"name":"(anonymous_2)","decl":{"start":{"line":21,"column":16},"end":{"line":21,"column":21}},"loc":{"start":{"line":21,"column":25},"end":{"line":21,"column":47}}},"3":{"name":"(anonymous_3)","decl":{"start":{"line":22,"column":11},"end":{"line":22,"column":16}},"loc":{"start":{"line":22,"column":20},"end":{"line":22,"column":62}}},"4":{"name":"(anonymous_4)","decl":{"start":{"line":24,"column":4},"end":{"line":24,"column":9}},"loc":{"start":{"line":24,"column":13},"end":{"line":28,"column":null}}}},"branchMap":{"0":{"loc":{"start":{"line":19,"column":46},"end":{"line":19,"column":65}},"type":"binary-expr","locations":[{"start":{"line":19,"column":46},"end":{"line":19,"column":57}},{"start":{"line":19,"column":61},"end":{"line":19,"column":65}}]},"1":{"loc":{"start":{"line":20,"column":26},"end":{"line":20,"column":48}},"type":"binary-expr","locations":[{"start":{"line":20,"column":26},"end":{"line":20,"column":39}},{"start":{"line":20,"column":43},"end":{"line":20,"column":48}}]},"2":{"loc":{"start":{"line":21,"column":25},"end":{"line":21,"column":47}},"type":"binary-expr","locations":[{"start":{"line":21,"column":25},"end":{"line":21,"column":37}},{"start":{"line":21,"column":41},"end":{"line":21,"column":47}}]},"3":{"loc":{"start":{"line":22,"column":39},"end":{"line":22,"column":61}},"type":"binary-expr","locations":[{"start":{"line":22,"column":39},"end":{"line":22,"column":51}},{"start":{"line":22,"column":55},"end":{"line":22,"column":61}}]},"4":{"loc":{"start":{"line":24,"column":13},"end":{"line":28,"column":null}},"type":"binary-expr","locations":[{"start":{"line":24,"column":13},"end":{"line":24,"column":28}},{"start":{"line":24,"column":32},"end":{"line":28,"column":null}}]}},"s":{"0":12,"1":12,"2":98,"3":98,"4":98,"5":98,"6":98},"f":{"0":98,"1":98,"2":98,"3":98,"4":98},"b":{"0":[98,30],"1":[98,83],"2":[98,98],"3":[98,29],"4":[98,10]}}
,"/Users/nakador/Code Projects/untitled folder/test/src/designSystem/atoms/text/text.tsx": {"path":"/Users/nakador/Code Projects/untitled folder/test/src/designSystem/atoms/text/text.tsx","statementMap":{"0":{"start":{"line":2,"column":0},"end":{"line":2,"column":43}},"1":{"start":{"line":16,"column":41},"end":{"line":42,"column":1}},"2":{"start":{"line":27,"column":2},"end":{"line":41,"column":4}},"3":{"start":{"line":16,"column":13},"end":{"line":16,"column":41}}},"fnMap":{"0":{"name":"(anonymous_0)","decl":{"start":{"line":16,"column":41},"end":{"line":16,"column":42}},"loc":{"start":{"line":26,"column":5},"end":{"line":42,"column":1}}}},"branchMap":{"0":{"loc":{"start":{"line":17,"column":2},"end":{"line":17,"column":10}},"type":"default-arg","locations":[{"start":{"line":17,"column":7},"end":{"line":17,"column":10}}]},"1":{"loc":{"start":{"line":23,"column":2},"end":{"line":23,"column":16}},"type":"default-arg","locations":[{"start":{"line":23,"column":7},"end":{"line":23,"column":16}}]}},"s":{"0":12,"1":12,"2":98,"3":12},"f":{"0":98},"b":{"0":[82],"1":[96]}}
,"/Users/nakador/Code Projects/untitled folder/test/src/designSystem/molecules/autocomplete/autocomplete.styles.ts": {"path":"/Users/nakador/Code Projects/untitled folder/test/src/designSystem/molecules/autocomplete/autocomplete.styles.ts","statementMap":{"0":{"start":{"line":1,"column":0},"end":{"line":1,"column":39}},"1":{"start":{"line":2,"column":0},"end":{"line":2,"column":52}},"2":{"start":{"line":3,"column":0},"end":{"line":3,"column":45}},"3":{"start":{"line":5,"column":13},"end":{"line":8,"column":2}},"4":{"start":{"line":10,"column":13},"end":{"line":29,"column":2}},"5":{"start":{"line":15,"column":22},"end":{"line":15,"column":51}},"6":{"start":{"line":19,"column":31},"end":{"line":19,"column":60}},"7":{"start":{"line":20,"column":31},"end":{"line":20,"column":56}},"8":{"start":{"line":21,"column":28},"end":{"line":21,"column":48}},"9":{"start":{"line":22,"column":25},"end":{"line":22,"column":47}},"10":{"start":{"line":26,"column":32},"end":{"line":26,"column":62}},"11":{"start":{"line":31,"column":13},"end":{"line":46,"column":2}},"12":{"start":{"line":32,"column":22},"end":{"line":32,"column":75}},"13":{"start":{"line":34,"column":20},"end":{"line":34,"column":43}},"14":{"start":{"line":40,"column":33},"end":{"line":40,"column":59}},"15":{"start":{"line":44,"column":40},"end":{"line":44,"column":65}},"16":{"start":{"line":48,"column":13},"end":{"line":56,"column":2}},"17":{"start":{"line":49,"column":25},"end":{"line":49,"column":47}},"18":{"start":{"line":49,"column":62},"end":{"line":49,"column":84}},"19":{"start":{"line":50,"column":26},"end":{"line":50,"column":48}},"20":{"start":{"line":50,"column":63},"end":{"line":50,"column":85}},"21":{"start":{"line":53,"column":27},"end":{"line":53,"column":49}},"22":{"start":{"line":54,"column":31},"end":{"line":54,"column":56}},"23":{"start":{"line":58,"column":13},"end":{"line":61,"column":2}},"24":{"start":{"line":63,"column":13},"end":{"line":67,"column":2}},"25":{"start":{"line":65,"column":20},"end":{"line":65,"column":43}},"26":{"start":{"line":66,"column":24},"end":{"line":66,"column":48}},"27":{"start":{"line":69,"column":13},"end":{"line":75,"column":2}},"28":{"start":{"line":72,"column":18},"end":{"line":72,"column":40}},"29":{"start":{"line":73,"column":20},"end":{"line":73,"column":52}},"30":{"start":{"line":74,"column":24},"end":{"line":74,"column":48}}},"fnMap":{"0":{"name":"(anonymous_0)","decl":{"start":{"line":15,"column":13},"end":{"line":15,"column":18}},"loc":{"start":{"line":15,"column":22},"end":{"line":15,"column":51}}},"1":{"name":"(anonymous_1)","decl":{"start":{"line":19,"column":22},"end":{"line":19,"column":27}},"loc":{"start":{"line":19,"column":31},"end":{"line":19,"column":60}}},"2":{"name":"(anonymous_2)","decl":{"start":{"line":20,"column":22},"end":{"line":20,"column":27}},"loc":{"start":{"line":20,"column":31},"end":{"line":20,"column":56}}},"3":{"name":"(anonymous_3)","decl":{"start":{"line":21,"column":19},"end":{"line":21,"column":24}},"loc":{"start":{"line":21,"column":28},"end":{"line":21,"column":48}}},"4":{"name":"(anonymous_4)","decl":{"start":{"line":22,"column":16},"end":{"line":22,"column":21}},"loc":{"start":{"line":22,"column":25},"end":{"line":22,"column":47}}},"5":{"name":"(anonymous_5)","decl":{"start":{"line":26,"column":23},"end":{"line":26,"column":28}},"loc":{"start":{"line":26,"column":32},"end":{"line":26,"column":62}}},"6":{"name":"(anonymous_6)","decl":{"start":{"line":32,"column":13},"end":{"line":32,"column":18}},"loc":{"start":{"line":32,"column":22},"end":{"line":32,"column":75}}},"7":{"name":"(anonymous_7)","decl":{"start":{"line":34,"column":11},"end":{"line":34,"column":16}},"loc":{"start":{"line":34,"column":20},"end":{"line":34,"column":43}}},"8":{"name":"(anonymous_8)","decl":{"start":{"line":40,"column":24},"end":{"line":40,"column":29}},"loc":{"start":{"line":40,"column":33},"end":{"line":40,"column":59}}},"9":{"name":"(anonymous_9)","decl":{"start":{"line":44,"column":31},"end":{"line":44,"column":36}},"loc":{"start":{"line":44,"column":40},"end":{"line":44,"column":65}}},"10":{"name":"(anonymous_10)","decl":{"start":{"line":49,"column":16},"end":{"line":49,"column":21}},"loc":{"start":{"line":49,"column":25},"end":{"line":49,"column":47}}},"11":{"name":"(anonymous_11)","decl":{"start":{"line":49,"column":53},"end":{"line":49,"column":58}},"loc":{"start":{"line":49,"column":62},"end":{"line":49,"column":84}}},"12":{"name":"(anonymous_12)","decl":{"start":{"line":50,"column":17},"end":{"line":50,"column":22}},"loc":{"start":{"line":50,"column":26},"end":{"line":50,"column":48}}},"13":{"name":"(anonymous_13)","decl":{"start":{"line":50,"column":54},"end":{"line":50,"column":59}},"loc":{"start":{"line":50,"column":63},"end":{"line":50,"column":85}}},"14":{"name":"(anonymous_14)","decl":{"start":{"line":53,"column":18},"end":{"line":53,"column":23}},"loc":{"start":{"line":53,"column":27},"end":{"line":53,"column":49}}},"15":{"name":"(anonymous_15)","decl":{"start":{"line":54,"column":22},"end":{"line":54,"column":27}},"loc":{"start":{"line":54,"column":31},"end":{"line":54,"column":56}}},"16":{"name":"(anonymous_16)","decl":{"start":{"line":65,"column":11},"end":{"line":65,"column":16}},"loc":{"start":{"line":65,"column":20},"end":{"line":65,"column":43}}},"17":{"name":"(anonymous_17)","decl":{"start":{"line":66,"column":15},"end":{"line":66,"column":20}},"loc":{"start":{"line":66,"column":24},"end":{"line":66,"column":48}}},"18":{"name":"(anonymous_18)","decl":{"start":{"line":72,"column":9},"end":{"line":72,"column":14}},"loc":{"start":{"line":72,"column":18},"end":{"line":72,"column":40}}},"19":{"name":"(anonymous_19)","decl":{"start":{"line":73,"column":11},"end":{"line":73,"column":16}},"loc":{"start":{"line":73,"column":20},"end":{"line":73,"column":52}}},"20":{"name":"(anonymous_20)","decl":{"start":{"line":74,"column":15},"end":{"line":74,"column":20}},"loc":{"start":{"line":74,"column":24},"end":{"line":74,"column":48}}}},"branchMap":{},"s":{"0":3,"1":3,"2":3,"3":3,"4":3,"5":7,"6":7,"7":7,"8":7,"9":7,"10":7,"11":3,"12":10,"13":10,"14":10,"15":10,"16":3,"17":5,"18":5,"19":5,"20":5,"21":5,"22":5,"23":3,"24":3,"25":5,"26":5,"27":3,"28":5,"29":5,"30":5},"f":{"0":7,"1":7,"2":7,"3":7,"4":7,"5":7,"6":10,"7":10,"8":10,"9":10,"10":5,"11":5,"12":5,"13":5,"14":5,"15":5,"16":5,"17":5,"18":5,"19":5,"20":5},"b":{}}
[...]
,"/Users/nakador/Code Projects/untitled folder/test/src/designSystem/organisms/errorPage/errorPage.tsx": {"path":"/Users/nakador/Code Projects/untitled folder/test/src/designSystem/organisms/errorPage/errorPage.tsx","statementMap":{"0":{"start":{"line":2,"column":0},"end":{"line":2,"column":82}},"1":{"start":{"line":3,"column":0},"end":{"line":3,"column":45}},"2":{"start":{"line":11,"column":51},"end":{"line":34,"column":1}},"3":{"start":{"line":16,"column":23},"end":{"line":22,"column":3}},"4":{"start":{"line":17,"column":4},"end":{"line":21,"column":5}},"5":{"start":{"line":18,"column":6},"end":{"line":18,"column":16}},"6":{"start":{"line":20,"column":6},"end":{"line":20,"column":31}},"7":{"start":{"line":24,"column":2},"end":{"line":33,"column":4}},"8":{"start":{"line":11,"column":13},"end":{"line":11,"column":51}}},"fnMap":{"0":{"name":"(anonymous_0)","decl":{"start":{"line":11,"column":51},"end":{"line":11,"column":52}},"loc":{"start":{"line":15,"column":5},"end":{"line":34,"column":1}}},"1":{"name":"(anonymous_1)","decl":{"start":{"line":16,"column":23},"end":{"line":16,"column":26}},"loc":{"start":{"line":16,"column":28},"end":{"line":22,"column":3}}}},"branchMap":{"0":{"loc":{"start":{"line":14,"column":2},"end":{"line":14,"column":19}},"type":"default-arg","locations":[{"start":{"line":14,"column":7},"end":{"line":14,"column":19}}]},"1":{"loc":{"start":{"line":17,"column":4},"end":{"line":21,"column":5}},"type":"if","locations":[{"start":{"line":17,"column":4},"end":{"line":21,"column":5}},{"start":{"line":19,"column":11},"end":{"line":21,"column":5}}]},"2":{"loc":{"start":{"line":29,"column":9},"end":{"line":29,"column":111}},"type":"binary-expr","locations":[{"start":{"line":29,"column":9},"end":{"line":29,"column":16}},{"start":{"line":29,"column":20},"end":{"line":29,"column":111}}]}},"s":{"0":3,"1":3,"2":3,"3":6,"4":1,"5":1,"6":0,"7":6,"8":3},"f":{"0":6,"1":1},"b":{"0":[5],"1":[1,0],"2":[6,2]}}
,"/Users/nakador/Code Projects/untitled folder/test/src/designSystem/organisms/filterBar/consts.ts": {"path":"/Users/nakador/Code Projects/untitled folder/test/src/designSystem/organisms/filterBar/consts.ts","statementMap":{"0":{"start":{"line":1,"column":13},"end":{"line":6,"column":2}},"1":{"start":{"line":8,"column":13},"end":{"line":14,"column":2}},"2":{"start":{"line":16,"column":13},"end":{"line":20,"column":2}}},"fnMap":{},"branchMap":{},"s":{"0":2,"1":2,"2":2},"f":{},"b":{}}
,"/Users/nakador/Code Projects/untitled folder/test/src/designSystem/organisms/filterBar/filterBar.styles.ts": {"path":"/Users/nakador/Code Projects/untitled folder/test/src/designSystem/organisms/filterBar/filterBar.styles.ts","statementMap":{"0":{"start":{"line":1,"column":0},"end":{"line":1,"column":39}},"1":{"start":{"line":2,"column":0},"end":{"line":2,"column":73}},"2":{"start":{"line":3,"column":0},"end":{"line":3,"column":51}},"3":{"start":{"line":6,"column":13},"end":{"line":21,"column":2}},"4":{"start":{"line":9,"column":18},"end":{"line":9,"column":40}},"5":{"start":{"line":10,"column":28},"end":{"line":10,"column":50}},"6":{"start":{"line":11,"column":49},"end":{"line":11,"column":82}},"7":{"start":{"line":11,"column":99},"end":{"line":11,"column":128}},"8":{"start":{"line":12,"column":22},"end":{"line":12,"column":44}},"9":{"start":{"line":13,"column":28},"end":{"line":13,"column":48}},"10":{"start":{"line":14,"column":25},"end":{"line":14,"column":47}},"11":{"start":{"line":15,"column":31},"end":{"line":15,"column":56}},"12":{"start":{"line":17,"column":32},"end":{"line":17,"column":62}},"13":{"start":{"line":23,"column":13},"end":{"line":33,"column":2}},"14":{"start":{"line":25,"column":18},"end":{"line":25,"column":40}},"15":{"start":{"line":29,"column":32},"end":{"line":29,"column":62}},"16":{"start":{"line":36,"column":13},"end":{"line":39,"column":2}},"17":{"start":{"line":41,"column":13},"end":{"line":54,"column":2}},"18":{"start":{"line":42,"column":23},"end":{"line":42,"column":54}},"19":{"start":{"line":44,"column":18},"end":{"line":44,"column":40}},"20":{"start":{"line":49,"column":32},"end":{"line":49,"column":62}},"21":{"start":{"line":56,"column":13},"end":{"line":66,"column":2}},"22":{"start":{"line":58,"column":31},"end":{"line":58,"column":57}},"23":{"start":{"line":59,"column":20},"end":{"line":59,"column":48}},"24":{"start":{"line":63,"column":32},"end":{"line":63,"column":62}}},"fnMap":{"0":{"name":"(anonymous_0)","decl":{"start":{"line":9,"column":9},"end":{"line":9,"column":14}},"loc":{"start":{"line":9,"column":18},"end":{"line":9,"column":40}}},"1":{"name":"(anonymous_1)","decl":{"start":{"line":10,"column":19},"end":{"line":10,"column":24}},"loc":{"start":{"line":10,"column":28},"end":{"line":10,"column":50}}},"2":{"name":"(anonymous_2)","decl":{"start":{"line":11,"column":40},"end":{"line":11,"column":45}},"loc":{"start":{"line":11,"column":49},"end":{"line":11,"column":82}}},"3":{"name":"(anonymous_3)","decl":{"start":{"line":11,"column":90},"end":{"line":11,"column":95}},"loc":{"start":{"line":11,"column":99},"end":{"line":11,"column":128}}},"4":{"name":"(anonymous_4)","decl":{"start":{"line":12,"column":13},"end":{"line":12,"column":18}},"loc":{"start":{"line":12,"column":22},"end":{"line":12,"column":44}}},"5":{"name":"(anonymous_5)","decl":{"start":{"line":13,"column":19},"end":{"line":13,"column":24}},"loc":{"start":{"line":13,"column":28},"end":{"line":13,"column":48}}},"6":{"name":"(anonymous_6)","decl":{"start":{"line":14,"column":16},"end":{"line":14,"column":21}},"loc":{"start":{"line":14,"column":25},"end":{"line":14,"column":47}}},"7":{"name":"(anonymous_7)","decl":{"start":{"line":15,"column":22},"end":{"line":15,"column":27}},"loc":{"start":{"line":15,"column":31},"end":{"line":15,"column":56}}},"8":{"name":"(anonymous_8)","decl":{"start":{"line":17,"column":23},"end":{"line":17,"column":28}},"loc":{"start":{"line":17,"column":32},"end":{"line":17,"column":62}}},"9":{"name":"(anonymous_9)","decl":{"start":{"line":25,"column":9},"end":{"line":25,"column":14}},"loc":{"start":{"line":25,"column":18},"end":{"line":25,"column":40}}},"10":{"name":"(anonymous_10)","decl":{"start":{"line":29,"column":23},"end":{"line":29,"column":28}},"loc":{"start":{"line":29,"column":32},"end":{"line":29,"column":62}}},"11":{"name":"(anonymous_11)","decl":{"start":{"line":42,"column":13},"end":{"line":42,"column":18}},"loc":{"start":{"line":42,"column":23},"end":{"line":42,"column":54}}},"12":{"name":"(anonymous_12)","decl":{"start":{"line":44,"column":9},"end":{"line":44,"column":14}},"loc":{"start":{"line":44,"column":18},"end":{"line":44,"column":40}}},"13":{"name":"(anonymous_13)","decl":{"start":{"line":49,"column":23},"end":{"line":49,"column":28}},"loc":{"start":{"line":49,"column":32},"end":{"line":49,"column":62}}},"14":{"name":"(anonymous_14)","decl":{"start":{"line":58,"column":22},"end":{"line":58,"column":27}},"loc":{"start":{"line":58,"column":31},"end":{"line":58,"column":57}}},"15":{"name":"(anonymous_15)","decl":{"start":{"line":59,"column":11},"end":{"line":59,"column":16}},"loc":{"start":{"line":59,"column":20},"end":{"line":59,"column":48}}},"16":{"name":"(anonymous_16)","decl":{"start":{"line":63,"column":23},"end":{"line":63,"column":28}},"loc":{"start":{"line":63,"column":32},"end":{"line":63,"column":62}}}},"branchMap":{"0":{"loc":{"start":{"line":42,"column":23},"end":{"line":42,"column":54}},"type":"cond-expr","locations":[{"start":{"line":42,"column":39},"end":{"line":42,"column":45}},{"start":{"line":42,"column":48},"end":{"line":42,"column":54}}]}},"s":{"0":2,"1":2,"2":2,"3":2,"4":21,"5":21,"6":21,"7":21,"8":21,"9":21,"10":21,"11":21,"12":21,"13":2,"14":21,"15":21,"16":2,"17":2,"18":21,"19":21,"20":21,"21":2,"22":21,"23":21,"24":21},"f":{"0":21,"1":21,"2":21,"3":21,"4":21,"5":21,"6":21,"7":21,"8":21,"9":21,"10":21,"11":21,"12":21,"13":21,"14":21,"15":21,"16":21},"b":{"0":[3,18]}}
,"/Users/nakador/Code Projects/untitled folder/test/src/designSystem/organisms/filterBar/filterBar.tsx": {"path":"/Users/nakador/Code Projects/untitled folder/test/src/designSystem/organisms/filterBar/filterBar.tsx","statementMap":{"0":{"start":{"line":1,"column":0},"end":{"line":1,"column":50}},"1":{"start":{"line":4,"column":0},"end":{"line":4,"column":112}},"2":{"start":{"line":5,"column":0},"end":{"line":5,"column":51}},"3":{"start":{"line":6,"column":0},"end":{"line":6,"column":69}},"4":{"start":{"line":7,"column":0},"end":{"line":7,"column":100}},"5":{"start":{"line":8,"column":0},"end":{"line":8,"column":128}},"6":{"start":{"line":9,"column":0},"end":{"line":9,"column":75}},"7":{"start":{"line":20,"column":28},"end":{"line":20,"column":31}},"8":{"start":{"line":22,"column":13},"end":{"line":106,"column":3}},"9":{"start":{"line":30,"column":38},"end":{"line":30,"column":53}},"10":{"start":{"line":32,"column":40},"end":{"line":32,"column":67}},"11":{"start":{"line":34,"column":2},"end":{"line":37,"column":20}},"12":{"start":{"line":36,"column":4},"end":{"line":36,"column":38}},"13":{"start":{"line":39,"column":26},"end":{"line":41,"column":25}},"14":{"start":{"line":40,"column":4},"end":{"line":40,"column":34}},"15":{"start":{"line":43,"column":29},"end":{"line":46,"column":3}},"16":{"start":{"line":44,"column":4},"end":{"line":44,"column":26}},"17":{"start":{"line":45,"column":4},"end":{"line":45,"column":27}},"18":{"start":{"line":48,"column":2},"end":{"line":105,"column":4}},"19":{"start":{"line":58,"column":12},"end":{"line":66,"column":null}},"20":{"start":{"line":72,"column":25},"end":{"line":72,"column":51}},"21":{"start":{"line":84,"column":65},"end":{"line":84,"column":105}},"22":{"start":{"line":92,"column":65},"end":{"line":92,"column":105}},"23":{"start":{"line":100,"column":65},"end":{"line":100,"column":93}}},"fnMap":{"0":{"name":"(anonymous_0)","decl":{"start":{"line":22,"column":56},"end":{"line":22,"column":57}},"loc":{"start":{"line":29,"column":5},"end":{"line":106,"column":1}}},"1":{"name":"(anonymous_1)","decl":{"start":{"line":34,"column":12},"end":{"line":34,"column":15}},"loc":{"start":{"line":34,"column":17},"end":{"line":37,"column":3}}},"2":{"name":"(anonymous_2)","decl":{"start":{"line":39,"column":47},"end":{"line":39,"column":48}},"loc":{"start":{"line":39,"column":65},"end":{"line":41,"column":3}}},"3":{"name":"(anonymous_3)","decl":{"start":{"line":43,"column":29},"end":{"line":43,"column":30}},"loc":{"start":{"line":43,"column":47},"end":{"line":46,"column":3}}},"4":{"name":"(anonymous_4)","decl":{"start":{"line":57,"column":24},"end":{"line":57,"column":25}},"loc":{"start":{"line":58,"column":12},"end":{"line":66,"column":null}}},"5":{"name":"(anonymous_5)","decl":{"start":{"line":72,"column":19},"end":{"line":72,"column":22}},"loc":{"start":{"line":72,"column":25},"end":{"line":72,"column":51}}},"6":{"name":"(anonymous_6)","decl":{"start":{"line":84,"column":20},"end":{"line":84,"column":21}},"loc":{"start":{"line":84,"column":65},"end":{"line":84,"column":105}}},"7":{"name":"(anonymous_7)","decl":{"start":{"line":92,"column":20},"end":{"line":92,"column":21}},"loc":{"start":{"line":92,"column":65},"end":{"line":92,"column":105}}},"8":{"name":"(anonymous_8)","decl":{"start":{"line":100,"column":20},"end":{"line":100,"column":21}},"loc":{"start":{"line":100,"column":65},"end":{"line":100,"column":93}}}},"branchMap":{"0":{"loc":{"start":{"line":27,"column":2},"end":{"line":27,"column":26}},"type":"default-arg","locations":[{"start":{"line":27,"column":24},"end":{"line":27,"column":26}}]},"1":{"loc":{"start":{"line":28,"column":2},"end":{"line":28,"column":19}},"type":"default-arg","locations":[{"start":{"line":28,"column":7},"end":{"line":28,"column":19}}]},"2":{"loc":{"start":{"line":32,"column":49},"end":{"line":32,"column":66}},"type":"binary-expr","locations":[{"start":{"line":32,"column":49},"end":{"line":32,"column":60}},{"start":{"line":32,"column":64},"end":{"line":32,"column":66}}]},"3":{"loc":{"start":{"line":36,"column":19},"end":{"line":36,"column":36}},"type":"binary-expr","locations":[{"start":{"line":36,"column":19},"end":{"line":36,"column":30}},{"start":{"line":36,"column":34},"end":{"line":36,"column":36}}]},"4":{"loc":{"start":{"line":75,"column":11},"end":{"line":75,"column":42}},"type":"cond-expr","locations":[{"start":{"line":75,"column":24},"end":{"line":75,"column":30}},{"start":{"line":75,"column":33},"end":{"line":75,"column":42}}]},"5":{"loc":{"start":{"line":83,"column":17},"end":{"line":83,"column":36}},"type":"binary-expr","locations":[{"start":{"line":83,"column":17},"end":{"line":83,"column":30}},{"start":{"line":83,"column":34},"end":{"line":83,"column":36}}]},"6":{"loc":{"start":{"line":91,"column":17},"end":{"line":91,"column":36}},"type":"binary-expr","locations":[{"start":{"line":91,"column":17},"end":{"line":91,"column":30}},{"start":{"line":91,"column":34},"end":{"line":91,"column":36}}]}},"s":{"0":2,"1":2,"2":2,"3":2,"4":2,"5":2,"6":2,"7":2,"8":2,"9":26,"10":26,"11":26,"12":10,"13":26,"14":2,"15":26,"16":8,"17":8,"18":26,"19":5,"20":3,"21":1,"22":1,"23":1},"f":{"0":26,"1":10,"2":2,"3":8,"4":5,"5":3,"6":1,"7":1,"8":1},"b":{"0":[16],"1":[25],"2":[26,26],"3":[10,10],"4":[6,20],"5":[26,26],"6":[26,26]}}
,"/Users/nakador/Code Projects/untitled folder/test/src/designSystem/styles/theme.ts": {"path":"/Users/nakador/Code Projects/untitled folder/test/src/designSystem/styles/theme.ts","statementMap":{"0":{"start":{"line":3,"column":20},"end":{"line":48,"column":2}},"1":{"start":{"line":50,"column":13},"end":{"line":70,"column":2}},"2":{"start":{"line":72,"column":13},"end":{"line":92,"column":2}},"3":{"start":{"line":94,"column":13},"end":{"line":94,"column":31}}},"fnMap":{},"branchMap":{},"s":{"0":24,"1":24,"2":24,"3":24},"f":{},"b":{}}
,"/Users/nakador/Code Projects/untitled folder/test/src/designSystem/templates/mainLayout/mainLayout.styles.ts": {"path":"/Users/nakador/Code Projects/untitled folder/test/src/designSystem/templates/mainLayout/mainLayout.styles.ts","statementMap":{"0":{"start":{"line":1,"column":0},"end":{"line":1,"column":39}},"1":{"start":{"line":2,"column":0},"end":{"line":2,"column":45}},"2":{"start":{"line":4,"column":13},"end":{"line":8,"column":2}},"3":{"start":{"line":7,"column":22},"end":{"line":7,"column":44}},"4":{"start":{"line":10,"column":13},"end":{"line":16,"column":2}},"5":{"start":{"line":12,"column":18},"end":{"line":12,"column":40}},"6":{"start":{"line":15,"column":28},"end":{"line":15,"column":50}},"7":{"start":{"line":18,"column":13},"end":{"line":21,"column":2}},"8":{"start":{"line":23,"column":13},"end":{"line":25,"column":2}},"9":{"start":{"line":27,"column":13},"end":{"line":36,"column":2}},"10":{"start":{"line":29,"column":18},"end":{"line":29,"column":40}},"11":{"start":{"line":33,"column":32},"end":{"line":33,"column":62}},"12":{"start":{"line":38,"column":13},"end":{"line":43,"column":2}},"13":{"start":{"line":46,"column":13},"end":{"line":54,"column":2}},"14":{"start":{"line":47,"column":24},"end":{"line":47,"column":49}},"15":{"start":{"line":48,"column":26},"end":{"line":48,"column":55}},"16":{"start":{"line":49,"column":20},"end":{"line":49,"column":46}},"17":{"start":{"line":51,"column":32},"end":{"line":51,"column":62}},"18":{"start":{"line":52,"column":26},"end":{"line":52,"column":50}}},"fnMap":{"0":{"name":"(anonymous_0)","decl":{"start":{"line":7,"column":13},"end":{"line":7,"column":18}},"loc":{"start":{"line":7,"column":22},"end":{"line":7,"column":44}}},"1":{"name":"(anonymous_1)","decl":{"start":{"line":12,"column":9},"end":{"line":12,"column":14}},"loc":{"start":{"line":12,"column":18},"end":{"line":12,"column":40}}},"2":{"name":"(anonymous_2)","decl":{"start":{"line":15,"column":19},"end":{"line":15,"column":24}},"loc":{"start":{"line":15,"column":28},"end":{"line":15,"column":50}}},"3":{"name":"(anonymous_3)","decl":{"start":{"line":29,"column":9},"end":{"line":29,"column":14}},"loc":{"start":{"line":29,"column":18},"end":{"line":29,"column":40}}},"4":{"name":"(anonymous_4)","decl":{"start":{"line":33,"column":23},"end":{"line":33,"column":28}},"loc":{"start":{"line":33,"column":32},"end":{"line":33,"column":62}}},"5":{"name":"(anonymous_5)","decl":{"start":{"line":47,"column":15},"end":{"line":47,"column":20}},"loc":{"start":{"line":47,"column":24},"end":{"line":47,"column":49}}},"6":{"name":"(anonymous_6)","decl":{"start":{"line":48,"column":17},"end":{"line":48,"column":22}},"loc":{"start":{"line":48,"column":26},"end":{"line":48,"column":55}}},"7":{"name":"(anonymous_7)","decl":{"start":{"line":49,"column":11},"end":{"line":49,"column":16}},"loc":{"start":{"line":49,"column":20},"end":{"line":49,"column":46}}},"8":{"name":"(anonymous_8)","decl":{"start":{"line":51,"column":23},"end":{"line":51,"column":28}},"loc":{"start":{"line":51,"column":32},"end":{"line":51,"column":62}}},"9":{"name":"(anonymous_9)","decl":{"start":{"line":52,"column":17},"end":{"line":52,"column":22}},"loc":{"start":{"line":52,"column":26},"end":{"line":52,"column":50}}}},"branchMap":{},"s":{"0":1,"1":1,"2":1,"3":2,"4":1,"5":2,"6":2,"7":1,"8":1,"9":1,"10":2,"11":2,"12":1,"13":1,"14":2,"15":2,"16":2,"17":2,"18":2},"f":{"0":2,"1":2,"2":2,"3":2,"4":2,"5":2,"6":2,"7":2,"8":2,"9":2},"b":{}}
,"/Users/nakador/Code Projects/untitled folder/test/src/designSystem/templates/mainLayout/mainLayout.tsx": {"path":"/Users/nakador/Code Projects/untitled folder/test/src/designSystem/templates/mainLayout/mainLayout.tsx","statementMap":{"0":{"start":{"line":2,"column":0},"end":{"line":2,"column":51}},"1":{"start":{"line":3,"column":0},"end":{"line":3,"column":52}},"2":{"start":{"line":4,"column":0},"end":{"line":4,"column":114}},"3":{"start":{"line":5,"column":0},"end":{"line":5,"column":66}},"4":{"start":{"line":6,"column":0},"end":{"line":6,"column":73}},"5":{"start":{"line":14,"column":18},"end":{"line":14,"column":48}},"6":{"start":{"line":16,"column":53},"end":{"line":44,"column":1}},"7":{"start":{"line":21,"column":37},"end":{"line":21,"column":47}},"8":{"start":{"line":23,"column":2},"end":{"line":43,"column":4}},"9":{"start":{"line":16,"column":13},"end":{"line":16,"column":53}}},"fnMap":{"0":{"name":"(anonymous_0)","decl":{"start":{"line":16,"column":53},"end":{"line":16,"column":54}},"loc":{"start":{"line":20,"column":5},"end":{"line":44,"column":1}}}},"branchMap":{"0":{"loc":{"start":{"line":19,"column":2},"end":{"line":19,"column":20}},"type":"default-arg","locations":[{"start":{"line":19,"column":7},"end":{"line":19,"column":20}}]},"1":{"loc":{"start":{"line":34,"column":13},"end":{"line":34,"column":48}},"type":"cond-expr","locations":[{"start":{"line":34,"column":37},"end":{"line":34,"column":41}},{"start":{"line":34,"column":44},"end":{"line":34,"column":48}}]}},"s":{"0":1,"1":1,"2":1,"3":1,"4":1,"5":1,"6":1,"7":2,"8":2,"9":1},"f":{"0":2},"b":{"0":[1],"1":[0,2]}}
}
