{"/Users/nakador/Code Projects/untitled folder/test/src/app/hooks/useDebouncedCallback/useDebouncedCallback.ts": {"path":"/Users/nakador/Code Projects/untitled folder/test/src/app/hooks/useDebouncedCallback/useDebouncedCallback.ts","statementMap":{"0":{"start":{"line":4,"column":0},"end":{"line":4,"column":16}},"1":{"start":{"line":1,"column":0},"end":{"line":1,"column":44}},"2":{"start":{"line":8,"column":21},"end":{"line":8,"column":56}},"3":{"start":{"line":10,"column":2},"end":{"line":21,"column":4}},"4":{"start":{"line":12,"column":6},"end":{"line":14,"column":7}},"5":{"start":{"line":13,"column":8},"end":{"line":13,"column":41}},"6":{"start":{"line":16,"column":6},"end":{"line":18,"column":16}},"7":{"start":{"line":17,"column":8},"end":{"line":17,"column":26}}},"fnMap":{"0":{"name":"useDebouncedCallback","decl":{"start":{"line":4,"column":16},"end":{"line":4,"column":36}},"loc":{"start":{"line":6,"column":15},"end":{"line":22,"column":1}}},"1":{"name":"(anonymous_1)","decl":{"start":{"line":11,"column":4},"end":{"line":11,"column":5}},"loc":{"start":{"line":11,"column":22},"end":{"line":19,"column":5}}},"2":{"name":"(anonymous_2)","decl":{"start":{"line":16,"column":38},"end":{"line":16,"column":41}},"loc":{"start":{"line":16,"column":43},"end":{"line":18,"column":7}}}},"branchMap":{"0":{"loc":{"start":{"line":12,"column":6},"end":{"line":14,"column":7}},"type":"if","locations":[{"start":{"line":12,"column":6},"end":{"line":14,"column":7}}]}},"s":{"0":1,"1":1,"2":2,"3":2,"4":5,"5":3,"6":5,"7":3},"f":{"0":2,"1":5,"2":3},"b":{"0":[3]}}
,"/Users/nakador/Code Projects/untitled folder/test/src/app/utils/error/errors.ts": {"path":"/Users/nakador/Code Projects/untitled folder/test/src/app/utils/error/errors.ts","statementMap":{"0":{"start":{"line":6,"column":4},"end":{"line":6,"column":19}},"1":{"start":{"line":7,"column":4},"end":{"line":7,"column":25}},"2":{"start":{"line":8,"column":4},"end":{"line":8,"column":27}},"3":{"start":{"line":10,"column":4},"end":{"line":10,"column":52}},"4":{"start":{"line":2,"column":0},"end":{"line":2,"column":13}}},"fnMap":{"0":{"name":"(anonymous_0)","decl":{"start":{"line":5,"column":2},"end":{"line":5,"column":14}},"loc":{"start":{"line":5,"column":45},"end":{"line":11,"column":3}}}},"branchMap":{},"s":{"0":1,"1":1,"2":1,"3":1,"4":1},"f":{"0":1},"b":{}}
,"/Users/nakador/Code Projects/untitled folder/test/src/app/utils/sorting/sorting.ts": {"path":"/Users/nakador/Code Projects/untitled folder/test/src/app/utils/sorting/sorting.ts","statementMap":{"0":{"start":{"line":2,"column":0},"end":{"line":2,"column":60}},"1":{"start":{"line":5,"column":30},"end":{"line":13,"column":1}},"2":{"start":{"line":6,"column":2},"end":{"line":6,"column":44}},"3":{"start":{"line":6,"column":26},"end":{"line":6,"column":44}},"4":{"start":{"line":8,"column":2},"end":{"line":12,"column":5}},"5":{"start":{"line":9,"column":4},"end":{"line":9,"column":65}},"6":{"start":{"line":9,"column":29},"end":{"line":9,"column":65}},"7":{"start":{"line":10,"column":4},"end":{"line":10,"column":66}},"8":{"start":{"line":10,"column":30},"end":{"line":10,"column":66}},"9":{"start":{"line":11,"column":4},"end":{"line":11,"column":13}},"10":{"start":{"line":5,"column":13},"end":{"line":5,"column":30}}},"fnMap":{"0":{"name":"(anonymous_0)","decl":{"start":{"line":5,"column":30},"end":{"line":5,"column":31}},"loc":{"start":{"line":5,"column":90},"end":{"line":13,"column":1}}},"1":{"name":"(anonymous_1)","decl":{"start":{"line":8,"column":30},"end":{"line":8,"column":31}},"loc":{"start":{"line":8,"column":39},"end":{"line":12,"column":3}}}},"branchMap":{"0":{"loc":{"start":{"line":6,"column":2},"end":{"line":6,"column":44}},"type":"if","locations":[{"start":{"line":6,"column":2},"end":{"line":6,"column":44}}]},"1":{"loc":{"start":{"line":9,"column":4},"end":{"line":9,"column":65}},"type":"if","locations":[{"start":{"line":9,"column":4},"end":{"line":9,"column":65}}]},"2":{"loc":{"start":{"line":10,"column":4},"end":{"line":10,"column":66}},"type":"if","locations":[{"start":{"line":10,"column":4},"end":{"line":10,"column":66}}]}},"s":{"0":1,"1":1,"2":3,"3":1,"4":2,"5":7,"6":4,"7":3,"8":3,"9":0,"10":1},"f":{"0":3,"1":7},"b":{"0":[1],"1":[4],"2":[3]}}
,"/Users/nakador/Code Projects/untitled folder/test/src/app/utils/typeGuards/typeGuards.ts": {"path":"/Users/nakador/Code Projects/untitled folder/test/src/app/utils/typeGuards/typeGuards.ts","statementMap":{"0":{"start":{"line":1,"column":21},"end":{"line":3,"column":1}},"1":{"start":{"line":2,"column":2},"end":{"line":2,"column":47}},"2":{"start":{"line":1,"column":13},"end":{"line":1,"column":21}},"3":{"start":{"line":5,"column":24},"end":{"line":7,"column":1}},"4":{"start":{"line":6,"column":2},"end":{"line":6,"column":35}},"5":{"start":{"line":5,"column":13},"end":{"line":5,"column":24}},"6":{"start":{"line":9,"column":23},"end":{"line":11,"column":1}},"7":{"start":{"line":10,"column":2},"end":{"line":10,"column":30}},"8":{"start":{"line":9,"column":13},"end":{"line":9,"column":23}},"9":{"start":{"line":13,"column":24},"end":{"line":15,"column":1}},"10":{"start":{"line":14,"column":2},"end":{"line":14,"column":72}},"11":{"start":{"line":13,"column":13},"end":{"line":13,"column":24}},"12":{"start":{"line":17,"column":23},"end":{"line":26,"column":1}},"13":{"start":{"line":18,"column":2},"end":{"line":18,"column":32}},"14":{"start":{"line":18,"column":20},"end":{"line":18,"column":32}},"15":{"start":{"line":19,"column":2},"end":{"line":21,"column":3}},"16":{"start":{"line":20,"column":4},"end":{"line":20,"column":30}},"17":{"start":{"line":22,"column":2},"end":{"line":24,"column":3}},"18":{"start":{"line":23,"column":4},"end":{"line":23,"column":43}},"19":{"start":{"line":25,"column":2},"end":{"line":25,"column":15}},"20":{"start":{"line":17,"column":13},"end":{"line":17,"column":23}}},"fnMap":{"0":{"name":"(anonymous_0)","decl":{"start":{"line":1,"column":21},"end":{"line":1,"column":22}},"loc":{"start":{"line":1,"column":67},"end":{"line":3,"column":1}}},"1":{"name":"(anonymous_1)","decl":{"start":{"line":5,"column":24},"end":{"line":5,"column":25}},"loc":{"start":{"line":5,"column":60},"end":{"line":7,"column":1}}},"2":{"name":"(anonymous_2)","decl":{"start":{"line":9,"column":23},"end":{"line":9,"column":27}},"loc":{"start":{"line":9,"column":59},"end":{"line":11,"column":1}}},"3":{"name":"(anonymous_3)","decl":{"start":{"line":13,"column":24},"end":{"line":13,"column":25}},"loc":{"start":{"line":13,"column":77},"end":{"line":15,"column":1}}},"4":{"name":"(anonymous_4)","decl":{"start":{"line":17,"column":23},"end":{"line":17,"column":24}},"loc":{"start":{"line":17,"column":51},"end":{"line":26,"column":1}}}},"branchMap":{"0":{"loc":{"start":{"line":2,"column":9},"end":{"line":2,"column":46}},"type":"binary-expr","locations":[{"start":{"line":2,"column":9},"end":{"line":2,"column":23}},{"start":{"line":2,"column":27},"end":{"line":2,"column":46}}]},"1":{"loc":{"start":{"line":14,"column":9},"end":{"line":14,"column":71}},"type":"binary-expr","locations":[{"start":{"line":14,"column":9},"end":{"line":14,"column":34}},{"start":{"line":14,"column":38},"end":{"line":14,"column":52}},{"start":{"line":14,"column":56},"end":{"line":14,"column":71}}]},"2":{"loc":{"start":{"line":18,"column":2},"end":{"line":18,"column":32}},"type":"if","locations":[{"start":{"line":18,"column":2},"end":{"line":18,"column":32}}]},"3":{"loc":{"start":{"line":19,"column":2},"end":{"line":21,"column":3}},"type":"if","locations":[{"start":{"line":19,"column":2},"end":{"line":21,"column":3}}]},"4":{"loc":{"start":{"line":19,"column":6},"end":{"line":19,"column":39}},"type":"binary-expr","locations":[{"start":{"line":19,"column":6},"end":{"line":19,"column":21}},{"start":{"line":19,"column":25},"end":{"line":19,"column":39}}]},"5":{"loc":{"start":{"line":22,"column":2},"end":{"line":24,"column":3}},"type":"if","locations":[{"start":{"line":22,"column":2},"end":{"line":24,"column":3}}]}},"s":{"0":1,"1":3,"2":1,"3":1,"4":3,"5":1,"6":1,"7":0,"8":1,"9":1,"10":0,"11":1,"12":1,"13":3,"14":0,"15":3,"16":3,"17":0,"18":0,"19":0,"20":1},"f":{"0":3,"1":3,"2":0,"3":0,"4":3},"b":{"0":[3,3],"1":[0,0,0],"2":[0],"3":[3],"4":[3,0],"5":[0]}}
}
