TN:
SF:src/app/hooks/useCharacterFilters/useCharacterFilters.ts
FN:7,(anonymous_0)
FN:21,(anonymous_1)
FN:32,(anonymous_2)
FN:42,(anonymous_3)
FN:49,(anonymous_4)
FNF:5
FNH:4
FNDA:12,(anonymous_0)
FNDA:3,(anonymous_1)
FNDA:2,(anonymous_2)
FNDA:1,(anonymous_3)
FNDA:0,(anonymous_4)
DA:1,2
DA:2,2
DA:4,2
DA:7,2
DA:8,12
DA:10,12
DA:16,12
DA:17,12
DA:21,12
DA:22,3
DA:23,3
DA:24,2
DA:26,1
DA:28,3
DA:29,3
DA:32,12
DA:33,2
DA:34,2
DA:35,1
DA:37,1
DA:39,2
DA:42,12
DA:43,1
DA:44,1
DA:45,1
DA:46,1
DA:49,12
DA:50,0
DA:51,0
DA:52,0
DA:53,0
DA:54,0
DA:55,0
DA:58,12
LF:34
LH:28
BRDA:11,0,0,12
BRDA:11,0,1,10
BRDA:12,1,0,12
BRDA:12,1,1,10
BRDA:13,2,0,12
BRDA:13,2,1,12
BRDA:16,3,0,12
BRDA:16,3,1,7
BRDA:17,4,0,12
BRDA:17,4,1,10
BRDA:23,5,0,2
BRDA:23,5,1,1
BRDA:34,6,0,1
BRDA:34,6,1,1
BRF:14
BRH:14
end_of_record
TN:
SF:src/app/hooks/useDebouncedCallback/useDebouncedCallback.ts
FN:4,useDebouncedCallback
FN:11,(anonymous_1)
FN:16,(anonymous_2)
FNF:3
FNH:3
FNDA:27,useDebouncedCallback
FNDA:13,(anonymous_1)
FNDA:5,(anonymous_2)
DA:1,3
DA:4,3
DA:8,27
DA:10,27
DA:12,13
DA:13,9
DA:16,13
DA:17,5
LF:8
LH:8
BRDA:12,0,0,9
BRF:1
BRH:1
end_of_record
TN:
SF:src/app/pages/detailsPage/detailsPage.styles.ts
FN:6,(anonymous_0)
FN:7,(anonymous_1)
FN:9,(anonymous_2)
FNF:3
FNH:3
FNDA:1,(anonymous_0)
FNDA:1,(anonymous_1)
FNDA:1,(anonymous_2)
DA:1,1
DA:2,1
DA:4,1
DA:6,1
DA:7,1
DA:9,1
LF:6
LH:6
BRF:0
BRH:0
end_of_record
TN:
SF:src/app/pages/detailsPage/detailsPage.tsx
FN:19,(anonymous_0)
FN:39,(anonymous_1)
FNF:2
FNH:2
FNDA:4,(anonymous_0)
FNDA:4,(anonymous_1)
DA:3,1
DA:4,1
DA:5,1
DA:6,1
DA:7,1
DA:8,1
DA:9,1
DA:10,1
DA:19,1
DA:20,4
DA:22,3
DA:23,2
DA:24,1
DA:26,1
DA:29,1
DA:31,1
DA:39,1
DA:40,4
DA:41,4
DA:43,4
LF:20
LH:20
BRDA:20,0,0,1
BRDA:22,1,0,2
BRDA:23,2,0,1
BRDA:23,3,0,2
BRDA:23,3,1,1
BRDA:29,4,0,0
BRF:6
BRH:5
end_of_record
TN:
SF:src/app/pages/listingPage/listingPage.styles.ts
FN:4,(anonymous_0)
FN:10,(anonymous_1)
FN:11,(anonymous_2)
FN:21,(anonymous_3)
FN:25,(anonymous_4)
FN:26,(anonymous_5)
FN:33,(anonymous_6)
FN:36,(anonymous_7)
FN:40,(anonymous_8)
FNF:9
FNH:3
FNDA:4,(anonymous_0)
FNDA:3,(anonymous_1)
FNDA:3,(anonymous_2)
FNDA:0,(anonymous_3)
FNDA:0,(anonymous_4)
FNDA:0,(anonymous_5)
FNDA:0,(anonymous_6)
FNDA:0,(anonymous_7)
FNDA:0,(anonymous_8)
DA:1,1
DA:3,1
DA:4,4
DA:7,1
DA:10,3
DA:11,3
DA:14,1
DA:21,0
DA:24,1
DA:25,0
DA:26,0
DA:30,1
DA:33,0
DA:36,0
DA:40,0
LF:15
LH:9
BRF:0
BRH:0
end_of_record
TN:
SF:src/app/pages/listingPage/listingPage.tsx
FN:34,(anonymous_0)
FN:49,(anonymous_1)
FN:50,(anonymous_2)
FN:90,(anonymous_3)
FN:115,(anonymous_4)
FN:129,(anonymous_5)
FN:135,(anonymous_6)
FN:137,(anonymous_7)
FN:138,(anonymous_8)
FNF:9
FNH:8
FNDA:5,(anonymous_0)
FNDA:0,(anonymous_1)
FNDA:1,(anonymous_2)
FNDA:6,(anonymous_3)
FNDA:5,(anonymous_4)
FNDA:5,(anonymous_5)
FNDA:5,(anonymous_6)
FNDA:6,(anonymous_7)
FNDA:6,(anonymous_8)
DA:1,1
DA:3,1
DA:4,1
DA:5,1
DA:6,1
DA:7,1
DA:8,1
DA:9,1
DA:10,1
DA:12,1
DA:13,1
DA:34,1
DA:49,5
DA:50,5
DA:52,5
DA:53,1
DA:54,0
DA:72,1
DA:75,4
DA:91,6
DA:115,1
DA:124,5
DA:127,5
DA:129,5
DA:130,5
DA:132,3
DA:135,5
DA:136,5
DA:137,6
DA:138,6
DA:141,5
LF:31
LH:30
BRDA:52,0,0,1
BRDA:52,1,0,5
BRDA:52,1,1,1
BRDA:53,2,0,0
BRDA:53,3,0,1
BRDA:53,3,1,1
BRDA:85,4,0,4
BRDA:85,4,1,1
BRDA:87,5,0,4
BRDA:87,5,1,3
BRDA:87,5,2,3
BRDA:101,6,0,3
BRDA:101,6,1,0
BRDA:130,7,0,2
BRDA:136,8,0,0
BRF:15
BRH:12
end_of_record
TN:
SF:src/app/providers/themeProvider/ThemeContext.tsx
FN:11,(anonymous_0)
FN:14,(anonymous_1)
FN:17,(anonymous_2)
FN:23,(anonymous_3)
FN:26,(anonymous_4)
FN:27,(anonymous_5)
FNF:6
FNH:3
FNDA:74,(anonymous_0)
FNDA:74,(anonymous_1)
FNDA:0,(anonymous_2)
FNDA:74,(anonymous_3)
FNDA:0,(anonymous_4)
FNDA:0,(anonymous_5)
DA:1,23
DA:2,23
DA:3,23
DA:5,23
DA:11,23
DA:12,74
DA:14,74
DA:15,74
DA:17,74
DA:18,0
DA:21,74
DA:23,74
DA:26,74
DA:27,0
DA:30,74
DA:32,74
LF:16
LH:14
BRDA:18,0,0,0
BRDA:18,0,1,0
BRDA:27,1,0,0
BRDA:27,1,1,0
BRDA:30,2,0,74
BRDA:30,2,1,0
BRF:6
BRH:1
end_of_record
TN:
SF:src/app/providers/themeProvider/ThemeContextDefinition.ts
FNF:0
FNH:0
DA:1,23
DA:10,23
LF:2
LH:2
BRF:0
BRH:0
end_of_record
TN:
SF:src/app/providers/themeProvider/useTheme.ts
FN:4,(anonymous_0)
FNF:1
FNH:1
FNDA:2,(anonymous_0)
DA:1,1
DA:2,1
DA:4,1
DA:5,2
DA:6,2
DA:7,0
DA:9,2
LF:7
LH:6
BRDA:6,0,0,0
BRF:1
BRH:0
end_of_record
TN:
SF:src/app/services/api/api.ts
FN:12,(anonymous_0)
FN:33,(anonymous_1)
FNF:2
FNH:0
FNDA:0,(anonymous_0)
FNDA:0,(anonymous_1)
DA:1,1
DA:6,1
DA:12,1
DA:15,0
DA:16,0
DA:17,0
DA:23,0
DA:24,0
DA:33,1
DA:36,0
DA:37,0
DA:38,0
DA:44,0
DA:45,0
LF:14
LH:4
BRDA:26,0,0,0
BRDA:26,0,1,0
BRDA:47,1,0,0
BRDA:47,1,1,0
BRF:4
BRH:0
end_of_record
TN:
SF:src/app/services/api/apiHooks/useCharacter/useCharacter.ts
FN:6,(anonymous_0)
FN:17,(anonymous_1)
FN:20,(anonymous_2)
FNF:3
FNH:3
FNDA:2,(anonymous_0)
FNDA:4,(anonymous_1)
FNDA:2,(anonymous_2)
DA:1,1
DA:2,1
DA:4,1
DA:6,1
DA:7,2
DA:9,2
DA:10,1
DA:13,1
DA:17,1
DA:18,4
DA:20,2
LF:11
LH:11
BRDA:9,0,0,1
BRDA:9,1,0,2
BRDA:9,1,1,1
BRDA:10,2,0,1
BRDA:10,2,1,0
BRF:5
BRH:4
end_of_record
TN:
SF:src/app/services/api/apiHooks/useCharacters/useCharacters.ts
FN:10,(anonymous_0)
FN:22,(anonymous_1)
FN:25,(anonymous_2)
FNF:3
FNH:3
FNDA:1,(anonymous_0)
FNDA:2,(anonymous_1)
FNDA:1,(anonymous_2)
DA:1,2
DA:2,2
DA:4,2
DA:10,2
DA:12,1
DA:14,1
DA:15,0
DA:18,1
DA:22,2
DA:23,2
DA:25,1
LF:11
LH:10
BRDA:14,0,0,0
BRDA:14,1,0,1
BRDA:14,1,1,1
BRDA:15,2,0,0
BRDA:15,2,1,0
BRF:5
BRH:2
end_of_record
TN:
SF:src/app/services/mocks/apimocks.ts
FNF:0
FNH:0
DA:2,2
DA:4,2
LF:2
LH:2
BRF:0
BRH:0
end_of_record
TN:
SF:src/app/services/mocks/characterfactory.ts
FN:3,(anonymous_0)
FNF:1
FNH:1
FNDA:12,(anonymous_0)
DA:3,6
DA:4,12
LF:2
LH:2
BRF:0
BRH:0
end_of_record
TN:
SF:src/app/services/mocks/charactermocks.ts
FNF:0
FNH:0
DA:1,6
DA:3,6
DA:10,6
LF:3
LH:3
BRF:0
BRH:0
end_of_record
TN:
SF:src/app/services/mocks/mockhelpers.ts
FN:4,(anonymous_0)
FNF:1
FNH:1
FNDA:4,(anonymous_0)
DA:4,1
DA:7,4
DA:33,4
LF:3
LH:3
BRDA:5,0,0,0
BRF:1
BRH:0
end_of_record
TN:
SF:src/app/services/testshelper/TestWrapper.tsx
FN:21,(anonymous_0)
FNF:1
FNH:1
FNDA:74,(anonymous_0)
DA:2,23
DA:4,23
DA:5,23
DA:8,23
DA:21,23
DA:23,74
DA:30,74
DA:31,3
DA:38,71
LF:9
LH:9
BRDA:21,0,0,71
BRDA:30,1,0,3
BRF:2
BRH:2
end_of_record
TN:
SF:src/app/utils/error/errors.ts
FN:5,(anonymous_0)
FNF:1
FNH:1
FNDA:4,(anonymous_0)
DA:2,6
DA:6,4
DA:7,4
DA:8,4
DA:10,4
LF:5
LH:5
BRF:0
BRH:0
end_of_record
TN:
SF:src/app/utils/sorting/sorting.ts
FN:5,(anonymous_0)
FN:8,(anonymous_1)
FNF:2
FNH:2
FNDA:6,(anonymous_0)
FNDA:7,(anonymous_1)
DA:2,2
DA:5,2
DA:6,6
DA:8,2
DA:9,7
DA:10,3
DA:11,0
LF:7
LH:6
BRDA:6,0,0,4
BRDA:9,1,0,4
BRDA:10,2,0,3
BRF:3
BRH:3
end_of_record
TN:
SF:src/app/utils/typeGuards/typeGuards.ts
FN:1,(anonymous_0)
FN:5,(anonymous_1)
FN:9,(anonymous_2)
FN:13,(anonymous_3)
FN:17,(anonymous_4)
FNF:5
FNH:4
FNDA:31,(anonymous_0)
FNDA:43,(anonymous_1)
FNDA:17,(anonymous_2)
FNDA:0,(anonymous_3)
FNDA:30,(anonymous_4)
DA:1,9
DA:2,31
DA:5,9
DA:6,43
DA:9,9
DA:10,17
DA:13,9
DA:14,0
DA:17,9
DA:18,30
DA:19,28
DA:20,28
DA:22,0
DA:23,0
DA:25,0
LF:15
LH:11
BRDA:2,0,0,31
BRDA:2,0,1,31
BRDA:14,1,0,0
BRDA:14,1,1,0
BRDA:14,1,2,0
BRDA:18,2,0,2
BRDA:19,3,0,28
BRDA:19,4,0,28
BRDA:19,4,1,17
BRDA:22,5,0,0
BRF:10
BRH:6
end_of_record
TN:
SF:src/designSystem/atoms/backdrop/backdrop.styles.ts
FN:43,(anonymous_0)
FNF:1
FNH:1
FNDA:3,(anonymous_0)
DA:1,3
DA:2,3
DA:4,3
DA:16,3
DA:23,3
DA:39,3
DA:43,3
LF:7
LH:7
BRF:0
BRH:0
end_of_record
TN:
SF:src/designSystem/atoms/backdrop/backdrop.tsx
FN:7,(anonymous_0)
FNF:1
FNH:1
FNDA:3,(anonymous_0)
DA:2,3
DA:3,3
DA:7,3
DA:8,3
LF:4
LH:4
BRDA:7,0,0,3
BRF:1
BRH:1
end_of_record
TN:
SF:src/designSystem/atoms/box/box.styles.ts
FN:9,(anonymous_0)
FN:10,(anonymous_1)
FNF:2
FNH:2
FNDA:30,(anonymous_0)
FNDA:30,(anonymous_1)
DA:1,6
DA:8,6
DA:9,30
DA:10,30
LF:4
LH:4
BRDA:9,0,0,30
BRDA:9,0,1,29
BRDA:10,1,0,30
BRDA:10,1,1,11
BRF:4
BRH:4
end_of_record
TN:
SF:src/designSystem/atoms/box/box.tsx
FN:11,(anonymous_0)
FNF:1
FNH:1
FNDA:30,(anonymous_0)
DA:2,6
DA:11,6
DA:18,30
LF:3
LH:3
BRDA:14,0,0,13
BRF:1
BRH:1
end_of_record
TN:
SF:src/designSystem/atoms/button/button.styles.ts
FN:4,(anonymous_0)
FN:5,(anonymous_1)
FN:6,(anonymous_2)
FN:8,(anonymous_3)
FN:10,(anonymous_4)
FN:19,(anonymous_5)
FN:20,(anonymous_6)
FNF:7
FNH:7
FNDA:20,(anonymous_0)
FNDA:20,(anonymous_1)
FNDA:20,(anonymous_2)
FNDA:20,(anonymous_3)
FNDA:20,(anonymous_4)
FNDA:20,(anonymous_5)
FNDA:20,(anonymous_6)
DA:1,4
DA:3,4
DA:4,20
DA:5,20
DA:6,20
DA:8,20
DA:10,20
DA:19,20
DA:20,20
LF:9
LH:9
BRF:0
BRH:0
end_of_record
TN:
SF:src/designSystem/atoms/button/button.tsx
FN:8,(anonymous_0)
FNF:1
FNH:1
FNDA:20,(anonymous_0)
DA:2,4
DA:8,4
DA:9,20
LF:3
LH:3
BRDA:8,0,0,19
BRF:1
BRH:1
end_of_record
TN:
SF:src/designSystem/atoms/flex/flex.styles.ts
FN:13,(anonymous_0)
FN:14,(anonymous_1)
FN:15,(anonymous_2)
FN:16,(anonymous_3)
FN:17,(anonymous_4)
FNF:5
FNH:5
FNDA:24,(anonymous_0)
FNDA:24,(anonymous_1)
FNDA:24,(anonymous_2)
FNDA:24,(anonymous_3)
FNDA:24,(anonymous_4)
DA:1,7
DA:11,7
DA:13,24
DA:14,24
DA:15,24
DA:16,24
DA:17,24
LF:7
LH:7
BRDA:13,0,0,24
BRDA:13,0,1,2
BRDA:14,1,0,24
BRDA:14,1,1,2
BRDA:15,2,0,24
BRDA:15,2,1,16
BRDA:16,3,0,24
BRDA:16,3,1,24
BRDA:17,4,0,24
BRDA:17,4,1,24
BRF:10
BRH:10
end_of_record
TN:
SF:src/designSystem/atoms/flex/flex.tsx
FN:14,(anonymous_0)
FNF:1
FNH:1
FNDA:24,(anonymous_0)
DA:2,7
DA:14,7
DA:24,24
LF:3
LH:3
BRDA:20,0,0,1
BRF:1
BRH:1
end_of_record
TN:
SF:src/designSystem/atoms/image/image.styles.ts
FN:9,(anonymous_0)
FN:10,(anonymous_1)
FNF:2
FNH:2
FNDA:18,(anonymous_0)
FNDA:18,(anonymous_1)
DA:1,6
DA:8,6
DA:9,18
DA:10,18
LF:4
LH:4
BRDA:9,0,0,10
BRDA:9,0,1,8
BRDA:9,1,0,8
BRDA:9,1,1,8
BRDA:10,2,0,10
BRDA:10,2,1,8
BRDA:10,3,0,8
BRDA:10,3,1,8
BRF:8
BRH:8
end_of_record
TN:
SF:src/designSystem/atoms/image/image.tsx
FN:7,(anonymous_0)
FNF:1
FNH:1
FNDA:18,(anonymous_0)
DA:2,6
DA:7,18
LF:2
LH:2
BRDA:7,0,0,16
BRF:1
BRH:1
end_of_record
TN:
SF:src/designSystem/atoms/input/input.styles.ts
FN:4,(anonymous_0)
FN:5,(anonymous_1)
FN:6,(anonymous_2)
FN:7,(anonymous_3)
FN:8,(anonymous_4)
FN:9,(anonymous_5)
FN:14,(anonymous_6)
FNF:7
FNH:7
FNDA:32,(anonymous_0)
FNDA:32,(anonymous_1)
FNDA:32,(anonymous_2)
FNDA:32,(anonymous_3)
FNDA:32,(anonymous_4)
FNDA:32,(anonymous_5)
FNDA:32,(anonymous_6)
DA:1,4
DA:3,4
DA:4,32
DA:5,32
DA:6,32
DA:7,32
DA:8,32
DA:9,32
DA:14,32
LF:9
LH:9
BRF:0
BRH:0
end_of_record
TN:
SF:src/designSystem/atoms/input/input.tsx
FN:6,(anonymous_0)
FNF:1
FNH:1
FNDA:32,(anonymous_0)
DA:2,4
DA:6,32
LF:2
LH:2
BRDA:6,0,0,1
BRF:1
BRH:1
end_of_record
TN:
SF:src/designSystem/atoms/scrollToTop/scrollToTop.styles.ts
FN:5,(anonymous_0)
FN:6,(anonymous_1)
FN:7,(anonymous_2)
FN:8,(anonymous_3)
FN:19,(anonymous_4)
FN:20,(anonymous_5)
FN:26,(anonymous_6)
FNF:7
FNH:7
FNDA:6,(anonymous_0)
FNDA:6,(anonymous_1)
FNDA:6,(anonymous_2)
FNDA:6,(anonymous_3)
FNDA:6,(anonymous_4)
FNDA:6,(anonymous_5)
FNDA:6,(anonymous_6)
DA:1,2
DA:3,2
DA:5,6
DA:6,6
DA:7,6
DA:8,6
DA:19,6
DA:20,6
DA:26,6
LF:9
LH:9
BRDA:19,0,0,1
BRDA:19,0,1,5
BRDA:20,1,0,1
BRDA:20,1,1,5
BRF:4
BRH:4
end_of_record
TN:
SF:src/designSystem/atoms/scrollToTop/scrollToTop.tsx
FN:8,(anonymous_0)
FN:11,(anonymous_1)
FN:12,(anonymous_2)
FN:22,(anonymous_3)
FN:25,(anonymous_4)
FNF:5
FNH:5
FNDA:6,(anonymous_0)
FNDA:5,(anonymous_1)
FNDA:1,(anonymous_2)
FNDA:5,(anonymous_3)
FNDA:1,(anonymous_4)
DA:1,2
DA:2,2
DA:8,2
DA:9,6
DA:11,6
DA:12,5
DA:13,1
DA:14,1
DA:16,0
DA:20,5
DA:22,5
DA:25,6
DA:26,1
DA:32,6
LF:14
LH:13
BRDA:8,0,0,6
BRDA:13,1,0,1
BRDA:13,1,1,0
BRF:3
BRH:2
end_of_record
TN:
SF:src/designSystem/atoms/select/select.styles.ts
FN:5,(anonymous_0)
FN:6,(anonymous_1)
FN:7,(anonymous_2)
FN:8,(anonymous_3)
FN:9,(anonymous_4)
FN:10,(anonymous_5)
FN:11,(anonymous_6)
FN:15,(anonymous_7)
FN:30,(anonymous_8)
FN:31,(anonymous_9)
FN:32,(anonymous_10)
FN:36,(anonymous_11)
FN:41,(anonymous_12)
FN:42,(anonymous_13)
FNF:14
FNH:14
FNDA:63,(anonymous_0)
FNDA:63,(anonymous_1)
FNDA:63,(anonymous_2)
FNDA:63,(anonymous_3)
FNDA:63,(anonymous_4)
FNDA:63,(anonymous_5)
FNDA:63,(anonymous_6)
FNDA:63,(anonymous_7)
FNDA:63,(anonymous_8)
FNDA:63,(anonymous_9)
FNDA:63,(anonymous_10)
FNDA:63,(anonymous_11)
FNDA:63,(anonymous_12)
FNDA:63,(anonymous_13)
DA:1,3
DA:3,3
DA:5,63
DA:6,63
DA:7,63
DA:8,63
DA:9,63
DA:10,63
DA:11,63
DA:15,63
DA:30,63
DA:31,63
DA:32,63
DA:36,63
DA:41,63
DA:42,63
LF:16
LH:16
BRDA:11,0,0,63
BRDA:11,0,1,63
BRF:2
BRH:2
end_of_record
TN:
SF:src/designSystem/atoms/select/select.tsx
FN:15,(anonymous_0)
FN:17,(anonymous_1)
FNF:2
FNH:2
FNDA:63,(anonymous_0)
FNDA:246,(anonymous_1)
DA:2,3
DA:15,3
DA:16,63
DA:18,246
LF:4
LH:4
BRDA:15,0,0,1
BRF:1
BRH:1
end_of_record
TN:
SF:src/designSystem/atoms/text/text.styles.ts
FN:19,(anonymous_0)
FN:20,(anonymous_1)
FN:21,(anonymous_2)
FN:22,(anonymous_3)
FN:24,(anonymous_4)
FNF:5
FNH:5
FNDA:95,(anonymous_0)
FNDA:95,(anonymous_1)
FNDA:95,(anonymous_2)
FNDA:95,(anonymous_3)
FNDA:95,(anonymous_4)
DA:1,10
DA:17,10
DA:19,95
DA:20,95
DA:21,95
DA:22,95
DA:24,95
LF:7
LH:7
BRDA:19,0,0,95
BRDA:19,0,1,25
BRDA:20,1,0,95
BRDA:20,1,1,78
BRDA:21,2,0,95
BRDA:21,2,1,93
BRDA:22,3,0,95
BRDA:22,3,1,24
BRDA:24,4,0,95
BRDA:24,4,1,10
BRF:10
BRH:10
end_of_record
TN:
SF:src/designSystem/atoms/text/text.tsx
FN:16,(anonymous_0)
FNF:1
FNH:1
FNDA:95,(anonymous_0)
DA:2,10
DA:16,10
DA:27,95
LF:3
LH:3
BRDA:17,0,0,77
BRDA:23,1,0,93
BRF:2
BRH:2
end_of_record
TN:
SF:src/designSystem/molecules/autocomplete/autocomplete.styles.ts
FN:17,(anonymous_0)
FN:18,(anonymous_1)
FN:19,(anonymous_2)
FN:20,(anonymous_3)
FN:26,(anonymous_4)
FN:28,(anonymous_5)
FN:32,(anonymous_6)
FN:36,(anonymous_7)
FNF:8
FNH:8
FNDA:7,(anonymous_0)
FNDA:7,(anonymous_1)
FNDA:7,(anonymous_2)
FNDA:7,(anonymous_3)
FNDA:10,(anonymous_4)
FNDA:10,(anonymous_5)
FNDA:10,(anonymous_6)
FNDA:10,(anonymous_7)
DA:1,3
DA:3,3
DA:8,3
DA:17,7
DA:18,7
DA:19,7
DA:20,7
DA:25,3
DA:26,10
DA:28,10
DA:32,10
DA:36,10
LF:12
LH:12
BRF:0
BRH:0
end_of_record
TN:
SF:src/designSystem/molecules/autocomplete/autocomplete.tsx
FN:27,(anonymous_0)
FN:40,(anonymous_1)
FN:44,(anonymous_2)
FN:49,(anonymous_3)
FN:50,(anonymous_4)
FN:57,(anonymous_5)
FN:60,(anonymous_6)
FN:65,(anonymous_7)
FN:73,(anonymous_8)
FN:91,(anonymous_9)
FN:94,(anonymous_10)
FNF:11
FNH:11
FNDA:29,(anonymous_0)
FNDA:25,(anonymous_1)
FNDA:29,(anonymous_2)
FNDA:14,(anonymous_3)
FNDA:9,(anonymous_4)
FNDA:14,(anonymous_5)
FNDA:9,(anonymous_6)
FNDA:1,(anonymous_7)
FNDA:5,(anonymous_8)
FNDA:10,(anonymous_9)
FNDA:1,(anonymous_10)
DA:1,3
DA:3,3
DA:4,3
DA:5,3
DA:27,3
DA:37,29
DA:38,29
DA:40,29
DA:41,25
DA:42,0
DA:44,25
DA:45,29
DA:49,29
DA:50,14
DA:51,9
DA:52,7
DA:56,14
DA:57,14
DA:60,29
DA:61,9
DA:62,9
DA:65,29
DA:66,1
DA:67,1
DA:68,1
DA:70,1
DA:73,29
DA:74,5
DA:75,2
DA:79,29
DA:92,10
DA:94,1
LF:32
LH:31
BRDA:33,0,0,29
BRDA:41,1,0,0
BRDA:51,2,0,7
BRDA:51,3,0,9
BRDA:51,3,1,9
BRDA:67,4,0,1
BRDA:74,5,0,2
BRDA:74,6,0,5
BRDA:74,6,1,3
BRDA:89,7,0,29
BRDA:89,7,1,11
BRDA:89,7,2,7
BRF:12
BRH:11
end_of_record
TN:
SF:src/designSystem/molecules/infoRow/infoRow.styles.ts
FNF:0
FNH:0
DA:1,3
DA:2,3
DA:4,3
DA:9,3
LF:4
LH:4
BRF:0
BRH:0
end_of_record
TN:
SF:src/designSystem/molecules/infoRow/infoRow.tsx
FN:12,(anonymous_0)
FNF:1
FNH:1
FNDA:15,(anonymous_0)
DA:2,3
DA:3,3
DA:4,3
DA:5,3
DA:12,3
DA:18,15
LF:6
LH:6
BRDA:15,0,0,14
BRDA:24,1,0,14
BRDA:24,1,1,1
BRF:3
BRH:3
end_of_record
TN:
SF:src/designSystem/molecules/pagination/pagination.styles.ts
FNF:0
FNH:0
DA:1,2
DA:2,2
DA:4,2
LF:3
LH:3
BRF:0
BRH:0
end_of_record
TN:
SF:src/designSystem/molecules/pagination/pagination.tsx
FN:15,(anonymous_0)
FNF:1
FNH:1
FNDA:7,(anonymous_0)
DA:2,2
DA:3,2
DA:4,2
DA:15,2
DA:25,7
LF:5
LH:5
BRDA:22,0,0,6
BRF:1
BRH:1
end_of_record
TN:
SF:src/designSystem/molecules/statusBadge/statusBadge.styles.ts
FN:7,(anonymous_0)
FNF:1
FNH:1
FNDA:14,(anonymous_0)
DA:1,5
DA:3,5
DA:8,14
DA:9,13
DA:10,1
DA:11,0
LF:6
LH:5
BRDA:8,0,0,13
BRDA:8,0,1,1
BRDA:8,0,2,0
BRF:3
BRH:2
end_of_record
TN:
SF:src/designSystem/molecules/statusBadge/statusBadge.tsx
FN:11,(anonymous_0)
FNF:1
FNH:1
FNDA:14,(anonymous_0)
DA:2,5
DA:3,5
DA:4,5
DA:11,5
DA:17,14
LF:5
LH:5
BRDA:14,0,0,13
BRF:1
BRH:1
end_of_record
TN:
SF:src/designSystem/organisms/characterCard/characterCard.styles.ts
FN:7,(anonymous_0)
FN:8,(anonymous_1)
FN:10,(anonymous_2)
FN:17,(anonymous_3)
FN:22,(anonymous_4)
FN:25,(anonymous_5)
FNF:6
FNH:6
FNDA:9,(anonymous_0)
FNDA:9,(anonymous_1)
FNDA:9,(anonymous_2)
FNDA:9,(anonymous_3)
FNDA:9,(anonymous_4)
FNDA:9,(anonymous_5)
DA:1,2
DA:2,2
DA:4,2
DA:7,9
DA:8,9
DA:10,9
DA:17,9
DA:21,2
DA:22,9
DA:25,9
LF:10
LH:10
BRF:0
BRH:0
end_of_record
TN:
SF:src/designSystem/organisms/characterCard/characterCard.tsx
FN:15,(anonymous_0)
FNF:1
FNH:1
FNDA:9,(anonymous_0)
DA:1,2
DA:3,2
DA:4,2
DA:5,2
DA:6,2
DA:7,2
DA:15,2
DA:21,9
DA:48,2
LF:9
LH:9
BRDA:17,0,0,3
BRDA:18,1,0,8
BRDA:31,2,0,6
BRDA:31,2,1,3
BRDA:32,3,0,6
BRDA:32,3,1,3
BRF:6
BRH:6
end_of_record
TN:
SF:src/designSystem/organisms/characterDetailsCard/characterDetailsCard.styles.ts
FN:6,(anonymous_0)
FN:7,(anonymous_1)
FN:9,(anonymous_2)
FN:13,(anonymous_3)
FN:22,(anonymous_4)
FN:34,(anonymous_5)
FNF:6
FNH:6
FNDA:3,(anonymous_0)
FNDA:3,(anonymous_1)
FNDA:3,(anonymous_2)
FNDA:3,(anonymous_3)
FNDA:3,(anonymous_4)
FNDA:3,(anonymous_5)
DA:1,2
DA:2,2
DA:3,2
DA:5,2
DA:6,3
DA:7,3
DA:9,3
DA:13,3
DA:18,2
DA:22,3
DA:29,2
DA:33,2
DA:34,3
DA:38,2
LF:14
LH:14
BRF:0
BRH:0
end_of_record
TN:
SF:src/designSystem/organisms/characterDetailsCard/characterDetailsCard.tsx
FN:13,(anonymous_0)
FNF:1
FNH:1
FNDA:3,(anonymous_0)
DA:3,2
DA:4,2
DA:5,2
DA:6,2
DA:13,2
DA:17,3
LF:6
LH:6
BRDA:15,0,0,2
BRF:1
BRH:1
end_of_record
TN:
SF:src/designSystem/organisms/errorPage/errorPage.styles.ts
FN:10,(anonymous_0)
FN:17,(anonymous_1)
FN:26,(anonymous_2)
FN:27,(anonymous_3)
FN:27,(anonymous_4)
FN:28,(anonymous_5)
FN:29,(anonymous_6)
FN:33,(anonymous_7)
FNF:8
FNH:8
FNDA:6,(anonymous_0)
FNDA:6,(anonymous_1)
FNDA:6,(anonymous_2)
FNDA:6,(anonymous_3)
FNDA:6,(anonymous_4)
FNDA:6,(anonymous_5)
FNDA:6,(anonymous_6)
FNDA:6,(anonymous_7)
DA:1,3
DA:2,3
DA:4,3
DA:10,6
DA:14,3
DA:17,6
DA:20,3
DA:25,3
DA:26,6
DA:27,6
DA:28,6
DA:29,6
DA:33,6
LF:13
LH:13
BRF:0
BRH:0
end_of_record
TN:
SF:src/designSystem/organisms/errorPage/errorPage.tsx
FN:11,(anonymous_0)
FN:16,(anonymous_1)
FNF:2
FNH:2
FNDA:6,(anonymous_0)
FNDA:1,(anonymous_1)
DA:2,3
DA:3,3
DA:11,3
DA:16,6
DA:17,1
DA:18,1
DA:20,0
DA:24,6
LF:8
LH:7
BRDA:14,0,0,5
BRDA:17,1,0,1
BRDA:17,1,1,0
BRDA:29,2,0,6
BRDA:29,2,1,2
BRF:5
BRH:4
end_of_record
TN:
SF:src/designSystem/organisms/filterBar/consts.ts
FNF:0
FNH:0
DA:1,2
DA:8,2
DA:16,2
LF:3
LH:3
BRF:0
BRH:0
end_of_record
TN:
SF:src/designSystem/organisms/filterBar/filterBar.styles.ts
FN:8,(anonymous_0)
FN:9,(anonymous_1)
FN:10,(anonymous_2)
FN:11,(anonymous_3)
FN:12,(anonymous_4)
FN:14,(anonymous_5)
FN:22,(anonymous_6)
FN:26,(anonymous_7)
FN:39,(anonymous_8)
FN:41,(anonymous_9)
FN:46,(anonymous_10)
FN:55,(anonymous_11)
FN:56,(anonymous_12)
FN:58,(anonymous_13)
FN:58,(anonymous_14)
FN:59,(anonymous_15)
FN:63,(anonymous_16)
FNF:17
FNH:17
FNDA:20,(anonymous_0)
FNDA:20,(anonymous_1)
FNDA:20,(anonymous_2)
FNDA:20,(anonymous_3)
FNDA:20,(anonymous_4)
FNDA:20,(anonymous_5)
FNDA:20,(anonymous_6)
FNDA:20,(anonymous_7)
FNDA:20,(anonymous_8)
FNDA:20,(anonymous_9)
FNDA:20,(anonymous_10)
FNDA:20,(anonymous_11)
FNDA:20,(anonymous_12)
FNDA:20,(anonymous_13)
FNDA:20,(anonymous_14)
FNDA:20,(anonymous_15)
FNDA:20,(anonymous_16)
DA:1,2
DA:2,2
DA:5,2
DA:8,20
DA:9,20
DA:10,20
DA:11,20
DA:12,20
DA:14,20
DA:20,2
DA:22,20
DA:26,20
DA:33,2
DA:38,2
DA:39,20
DA:41,20
DA:46,20
DA:53,2
DA:55,20
DA:56,20
DA:58,20
DA:59,20
DA:63,20
LF:23
LH:23
BRDA:39,0,0,3
BRDA:39,0,1,17
BRF:2
BRH:2
end_of_record
TN:
SF:src/designSystem/organisms/filterBar/filterBar.tsx
FN:20,(anonymous_0)
FN:32,(anonymous_1)
FN:37,(anonymous_2)
FN:41,(anonymous_3)
FN:58,(anonymous_4)
FN:70,(anonymous_5)
FN:78,(anonymous_6)
FN:86,(anonymous_7)
FNF:8
FNH:8
FNDA:25,(anonymous_0)
FNDA:9,(anonymous_1)
FNDA:2,(anonymous_2)
FNDA:8,(anonymous_3)
FNDA:3,(anonymous_4)
FNDA:1,(anonymous_5)
FNDA:1,(anonymous_6)
FNDA:1,(anonymous_7)
DA:1,2
DA:4,2
DA:5,2
DA:6,2
DA:7,2
DA:18,2
DA:20,2
DA:28,25
DA:30,25
DA:32,25
DA:34,9
DA:37,25
DA:38,2
DA:41,25
DA:42,8
DA:43,8
DA:46,25
DA:58,3
DA:70,1
DA:78,1
DA:86,1
LF:21
LH:21
BRDA:25,0,0,16
BRDA:26,1,0,24
BRDA:30,2,0,25
BRDA:30,2,1,25
BRDA:34,3,0,9
BRDA:34,3,1,9
BRDA:61,4,0,6
BRDA:61,4,1,19
BRDA:69,5,0,25
BRDA:69,5,1,25
BRDA:77,6,0,25
BRDA:77,6,1,25
BRF:12
BRH:12
end_of_record
TN:
SF:src/designSystem/styles/theme.ts
FNF:0
FNH:0
DA:3,23
DA:37,23
DA:59,23
DA:81,23
LF:4
LH:4
BRF:0
BRH:0
end_of_record
TN:
SF:src/designSystem/templates/mainLayout/mainLayout.styles.ts
FN:6,(anonymous_0)
FN:11,(anonymous_1)
FN:14,(anonymous_2)
FNF:3
FNH:3
FNDA:2,(anonymous_0)
FNDA:2,(anonymous_1)
FNDA:2,(anonymous_2)
DA:1,1
DA:3,1
DA:6,2
DA:9,1
DA:11,2
DA:14,2
DA:17,1
LF:7
LH:7
BRF:0
BRH:0
end_of_record
TN:
SF:src/designSystem/templates/mainLayout/mainLayout.tsx
FN:16,(anonymous_0)
FNF:1
FNH:1
FNDA:2,(anonymous_0)
DA:2,1
DA:3,1
DA:4,1
DA:5,1
DA:6,1
DA:14,1
DA:16,1
DA:21,2
DA:23,2
LF:9
LH:9
BRDA:19,0,0,1
BRDA:29,1,0,0
BRDA:29,1,1,2
BRF:3
BRH:2
end_of_record
