TN:
SF:src/app/hooks/useDebouncedCallback/useDebouncedCallback.ts
FN:4,useDebouncedCallback
FN:11,(anonymous_1)
FN:16,(anonymous_2)
FNF:3
FNH:3
FNDA:2,useDebouncedCallback
FNDA:5,(anonymous_1)
FNDA:3,(anonymous_2)
DA:1,1
DA:4,1
DA:8,2
DA:10,2
DA:12,5
DA:13,3
DA:16,5
DA:17,3
LF:8
LH:8
BRDA:12,0,0,3
BRF:1
BRH:1
end_of_record
TN:
SF:src/app/utils/error/errors.ts
FN:5,(anonymous_0)
FNF:1
FNH:1
FNDA:1,(anonymous_0)
DA:2,1
DA:6,1
DA:7,1
DA:8,1
DA:10,1
LF:5
LH:5
BRF:0
BRH:0
end_of_record
TN:
SF:src/app/utils/sorting/sorting.ts
FN:5,(anonymous_0)
FN:8,(anonymous_1)
FNF:2
FNH:2
FNDA:3,(anonymous_0)
FNDA:7,(anonymous_1)
DA:2,1
DA:5,1
DA:6,3
DA:8,2
DA:9,7
DA:10,3
DA:11,0
LF:7
LH:6
BRDA:6,0,0,1
BRDA:9,1,0,4
BRDA:10,2,0,3
BRF:3
BRH:3
end_of_record
TN:
SF:src/app/utils/typeGuards/typeGuards.ts
FN:1,(anonymous_0)
FN:5,(anonymous_1)
FN:9,(anonymous_2)
FN:13,(anonymous_3)
FN:17,(anonymous_4)
FNF:5
FNH:3
FNDA:3,(anonymous_0)
FNDA:3,(anonymous_1)
FNDA:0,(anonymous_2)
FNDA:0,(anonymous_3)
FNDA:3,(anonymous_4)
DA:1,1
DA:2,3
DA:5,1
DA:6,3
DA:9,1
DA:10,0
DA:13,1
DA:14,0
DA:17,1
DA:18,3
DA:19,3
DA:20,3
DA:22,0
DA:23,0
DA:25,0
LF:15
LH:10
BRDA:2,0,0,3
BRDA:2,0,1,3
BRDA:14,1,0,0
BRDA:14,1,1,0
BRDA:14,1,2,0
BRDA:18,2,0,0
BRDA:19,3,0,3
BRDA:19,4,0,3
BRDA:19,4,1,0
BRDA:22,5,0,0
BRF:10
BRH:4
end_of_record
